{"total": {"lines":{"total":5092,"covered":3989,"skipped":0,"pct":78.33},"statements":{"total":5092,"covered":3989,"skipped":0,"pct":78.33},"functions":{"total":321,"covered":212,"skipped":0,"pct":66.04},"branches":{"total":759,"covered":688,"skipped":0,"pct":90.64},"branchesTrue":{"total":0,"covered":0,"skipped":0,"pct":100}}
,"/Users/miguel/web_dev/roomdoo-vite/src/main.ts": {"lines":{"total":23,"covered":23,"skipped":0,"pct":100},"functions":{"total":0,"covered":0,"skipped":0,"pct":100},"statements":{"total":23,"covered":23,"skipped":0,"pct":100},"branches":{"total":0,"covered":0,"skipped":0,"pct":100}}
,"/Users/miguel/web_dev/roomdoo-vite/src/application/contacts/ContactsService.ts": {"lines":{"total":119,"covered":119,"skipped":0,"pct":100},"functions":{"total":6,"covered":6,"skipped":0,"pct":100},"statements":{"total":119,"covered":119,"skipped":0,"pct":100},"branches":{"total":10,"covered":10,"skipped":0,"pct":100}}
,"/Users/miguel/web_dev/roomdoo-vite/src/application/countries/CountriesService.ts": {"lines":{"total":7,"covered":7,"skipped":0,"pct":100},"functions":{"total":2,"covered":2,"skipped":0,"pct":100},"statements":{"total":7,"covered":7,"skipped":0,"pct":100},"branches":{"total":3,"covered":3,"skipped":0,"pct":100}}
,"/Users/miguel/web_dev/roomdoo-vite/src/application/instance/InstanceService.ts": {"lines":{"total":28,"covered":28,"skipped":0,"pct":100},"functions":{"total":2,"covered":2,"skipped":0,"pct":100},"statements":{"total":28,"covered":28,"skipped":0,"pct":100},"branches":{"total":8,"covered":8,"skipped":0,"pct":100}}
,"/Users/miguel/web_dev/roomdoo-vite/src/application/pmsProperties/PmsPropertiesService.ts": {"lines":{"total":12,"covered":12,"skipped":0,"pct":100},"functions":{"total":4,"covered":4,"skipped":0,"pct":100},"statements":{"total":12,"covered":12,"skipped":0,"pct":100},"branches":{"total":4,"covered":4,"skipped":0,"pct":100}}
,"/Users/miguel/web_dev/roomdoo-vite/src/application/shared/InternalServerError.ts": {"lines":{"total":6,"covered":6,"skipped":0,"pct":100},"functions":{"total":1,"covered":1,"skipped":0,"pct":100},"statements":{"total":6,"covered":6,"skipped":0,"pct":100},"branches":{"total":1,"covered":1,"skipped":0,"pct":100}}
,"/Users/miguel/web_dev/roomdoo-vite/src/application/shared/UnauthorizedError.ts": {"lines":{"total":6,"covered":6,"skipped":0,"pct":100},"functions":{"total":1,"covered":1,"skipped":0,"pct":100},"statements":{"total":6,"covered":6,"skipped":0,"pct":100},"branches":{"total":1,"covered":1,"skipped":0,"pct":100}}
,"/Users/miguel/web_dev/roomdoo-vite/src/application/shared/UnknownError.ts": {"lines":{"total":6,"covered":6,"skipped":0,"pct":100},"functions":{"total":1,"covered":1,"skipped":0,"pct":100},"statements":{"total":6,"covered":6,"skipped":0,"pct":100},"branches":{"total":1,"covered":1,"skipped":0,"pct":100}}
,"/Users/miguel/web_dev/roomdoo-vite/src/application/user/UserSchemas.ts": {"lines":{"total":20,"covered":0,"skipped":0,"pct":0},"functions":{"total":1,"covered":0,"skipped":0,"pct":0},"statements":{"total":20,"covered":0,"skipped":0,"pct":0},"branches":{"total":1,"covered":0,"skipped":0,"pct":0}}
,"/Users/miguel/web_dev/roomdoo-vite/src/application/user/UserService.ts": {"lines":{"total":31,"covered":25,"skipped":0,"pct":80.64},"functions":{"total":8,"covered":5,"skipped":0,"pct":62.5},"statements":{"total":31,"covered":25,"skipped":0,"pct":80.64},"branches":{"total":8,"covered":8,"skipped":0,"pct":100}}
,"/Users/miguel/web_dev/roomdoo-vite/src/domain/entities/Contact.ts": {"lines":{"total":0,"covered":0,"skipped":0,"pct":0},"functions":{"total":1,"covered":1,"skipped":0,"pct":0},"statements":{"total":0,"covered":0,"skipped":0,"pct":0},"branches":{"total":1,"covered":1,"skipped":0,"pct":0}}
,"/Users/miguel/web_dev/roomdoo-vite/src/domain/entities/Country.ts": {"lines":{"total":0,"covered":0,"skipped":0,"pct":0},"functions":{"total":1,"covered":1,"skipped":0,"pct":0},"statements":{"total":0,"covered":0,"skipped":0,"pct":0},"branches":{"total":1,"covered":1,"skipped":0,"pct":0}}
,"/Users/miguel/web_dev/roomdoo-vite/src/domain/entities/Instance.ts": {"lines":{"total":0,"covered":0,"skipped":0,"pct":0},"functions":{"total":1,"covered":1,"skipped":0,"pct":0},"statements":{"total":0,"covered":0,"skipped":0,"pct":0},"branches":{"total":1,"covered":1,"skipped":0,"pct":0}}
,"/Users/miguel/web_dev/roomdoo-vite/src/domain/entities/Language.ts": {"lines":{"total":0,"covered":0,"skipped":0,"pct":0},"functions":{"total":1,"covered":1,"skipped":0,"pct":0},"statements":{"total":0,"covered":0,"skipped":0,"pct":0},"branches":{"total":1,"covered":1,"skipped":0,"pct":0}}
,"/Users/miguel/web_dev/roomdoo-vite/src/domain/entities/MenuLink.ts": {"lines":{"total":0,"covered":0,"skipped":0,"pct":0},"functions":{"total":1,"covered":1,"skipped":0,"pct":0},"statements":{"total":0,"covered":0,"skipped":0,"pct":0},"branches":{"total":1,"covered":1,"skipped":0,"pct":0}}
,"/Users/miguel/web_dev/roomdoo-vite/src/domain/entities/PersonalDocument.ts": {"lines":{"total":0,"covered":0,"skipped":0,"pct":0},"functions":{"total":1,"covered":1,"skipped":0,"pct":0},"statements":{"total":0,"covered":0,"skipped":0,"pct":0},"branches":{"total":1,"covered":1,"skipped":0,"pct":0}}
,"/Users/miguel/web_dev/roomdoo-vite/src/domain/entities/Phone.ts": {"lines":{"total":0,"covered":0,"skipped":0,"pct":0},"functions":{"total":1,"covered":1,"skipped":0,"pct":0},"statements":{"total":0,"covered":0,"skipped":0,"pct":0},"branches":{"total":1,"covered":1,"skipped":0,"pct":0}}
,"/Users/miguel/web_dev/roomdoo-vite/src/domain/entities/PmsProperty.ts": {"lines":{"total":0,"covered":0,"skipped":0,"pct":0},"functions":{"total":1,"covered":1,"skipped":0,"pct":0},"statements":{"total":0,"covered":0,"skipped":0,"pct":0},"branches":{"total":1,"covered":1,"skipped":0,"pct":0}}
,"/Users/miguel/web_dev/roomdoo-vite/src/domain/entities/User.ts": {"lines":{"total":2,"covered":0,"skipped":0,"pct":0},"functions":{"total":1,"covered":1,"skipped":0,"pct":100},"statements":{"total":2,"covered":0,"skipped":0,"pct":0},"branches":{"total":1,"covered":1,"skipped":0,"pct":100}}
,"/Users/miguel/web_dev/roomdoo-vite/src/domain/repositories/ContactsRepository.ts": {"lines":{"total":0,"covered":0,"skipped":0,"pct":0},"functions":{"total":1,"covered":1,"skipped":0,"pct":0},"statements":{"total":0,"covered":0,"skipped":0,"pct":0},"branches":{"total":1,"covered":1,"skipped":0,"pct":0}}
,"/Users/miguel/web_dev/roomdoo-vite/src/domain/repositories/CountriesRepository.ts": {"lines":{"total":0,"covered":0,"skipped":0,"pct":0},"functions":{"total":1,"covered":1,"skipped":0,"pct":0},"statements":{"total":0,"covered":0,"skipped":0,"pct":0},"branches":{"total":1,"covered":1,"skipped":0,"pct":0}}
,"/Users/miguel/web_dev/roomdoo-vite/src/domain/repositories/EntityListResponse.ts": {"lines":{"total":0,"covered":0,"skipped":0,"pct":0},"functions":{"total":1,"covered":1,"skipped":0,"pct":0},"statements":{"total":0,"covered":0,"skipped":0,"pct":0},"branches":{"total":1,"covered":1,"skipped":0,"pct":0}}
,"/Users/miguel/web_dev/roomdoo-vite/src/domain/repositories/InstanceRepository.ts": {"lines":{"total":0,"covered":0,"skipped":0,"pct":0},"functions":{"total":1,"covered":1,"skipped":0,"pct":0},"statements":{"total":0,"covered":0,"skipped":0,"pct":0},"branches":{"total":1,"covered":1,"skipped":0,"pct":0}}
,"/Users/miguel/web_dev/roomdoo-vite/src/domain/repositories/PmsPropertiesRepository.ts": {"lines":{"total":0,"covered":0,"skipped":0,"pct":0},"functions":{"total":1,"covered":1,"skipped":0,"pct":0},"statements":{"total":0,"covered":0,"skipped":0,"pct":0},"branches":{"total":1,"covered":1,"skipped":0,"pct":0}}
,"/Users/miguel/web_dev/roomdoo-vite/src/domain/repositories/UserRepository.ts": {"lines":{"total":0,"covered":0,"skipped":0,"pct":0},"functions":{"total":1,"covered":1,"skipped":0,"pct":0},"statements":{"total":0,"covered":0,"skipped":0,"pct":0},"branches":{"total":1,"covered":1,"skipped":0,"pct":0}}
,"/Users/miguel/web_dev/roomdoo-vite/src/domain/types/ContactType.ts": {"lines":{"total":1,"covered":1,"skipped":0,"pct":100},"functions":{"total":0,"covered":0,"skipped":0,"pct":100},"statements":{"total":1,"covered":1,"skipped":0,"pct":100},"branches":{"total":0,"covered":0,"skipped":0,"pct":100}}
,"/Users/miguel/web_dev/roomdoo-vite/src/domain/types/Id.ts": {"lines":{"total":0,"covered":0,"skipped":0,"pct":0},"functions":{"total":1,"covered":1,"skipped":0,"pct":0},"statements":{"total":0,"covered":0,"skipped":0,"pct":0},"branches":{"total":1,"covered":1,"skipped":0,"pct":0}}
,"/Users/miguel/web_dev/roomdoo-vite/src/domain/types/ImageUrl.ts": {"lines":{"total":0,"covered":0,"skipped":0,"pct":0},"functions":{"total":1,"covered":1,"skipped":0,"pct":0},"statements":{"total":0,"covered":0,"skipped":0,"pct":0},"branches":{"total":1,"covered":1,"skipped":0,"pct":0}}
,"/Users/miguel/web_dev/roomdoo-vite/src/infrastructure/cookies/CookieService.ts": {"lines":{"total":94,"covered":8,"skipped":0,"pct":8.51},"functions":{"total":6,"covered":0,"skipped":0,"pct":0},"statements":{"total":94,"covered":8,"skipped":0,"pct":8.51},"branches":{"total":0,"covered":0,"skipped":0,"pct":100}}
,"/Users/miguel/web_dev/roomdoo-vite/src/infrastructure/http/axios.ts": {"lines":{"total":106,"covered":106,"skipped":0,"pct":100},"functions":{"total":5,"covered":5,"skipped":0,"pct":100},"statements":{"total":106,"covered":106,"skipped":0,"pct":100},"branches":{"total":33,"covered":32,"skipped":0,"pct":96.96}}
,"/Users/miguel/web_dev/roomdoo-vite/src/infrastructure/plugins/i18n.ts": {"lines":{"total":27,"covered":27,"skipped":0,"pct":100},"functions":{"total":1,"covered":1,"skipped":0,"pct":100},"statements":{"total":27,"covered":27,"skipped":0,"pct":100},"branches":{"total":9,"covered":9,"skipped":0,"pct":100}}
,"/Users/miguel/web_dev/roomdoo-vite/src/infrastructure/plugins/primevue.ts": {"lines":{"total":72,"covered":72,"skipped":0,"pct":100},"functions":{"total":4,"covered":3,"skipped":0,"pct":75},"statements":{"total":72,"covered":72,"skipped":0,"pct":100},"branches":{"total":13,"covered":13,"skipped":0,"pct":100}}
,"/Users/miguel/web_dev/roomdoo-vite/src/infrastructure/plugins/router.ts": {"lines":{"total":36,"covered":36,"skipped":0,"pct":100},"functions":{"total":2,"covered":2,"skipped":0,"pct":100},"statements":{"total":36,"covered":36,"skipped":0,"pct":100},"branches":{"total":15,"covered":15,"skipped":0,"pct":100}}
,"/Users/miguel/web_dev/roomdoo-vite/src/infrastructure/repositories/ContactsRepositoryImpl.ts": {"lines":{"total":185,"covered":185,"skipped":0,"pct":100},"functions":{"total":7,"covered":7,"skipped":0,"pct":100},"statements":{"total":185,"covered":185,"skipped":0,"pct":100},"branches":{"total":31,"covered":31,"skipped":0,"pct":100}}
,"/Users/miguel/web_dev/roomdoo-vite/src/infrastructure/repositories/CountriesRepositoryImpl.ts": {"lines":{"total":6,"covered":6,"skipped":0,"pct":100},"functions":{"total":1,"covered":1,"skipped":0,"pct":100},"statements":{"total":6,"covered":6,"skipped":0,"pct":100},"branches":{"total":1,"covered":1,"skipped":0,"pct":100}}
,"/Users/miguel/web_dev/roomdoo-vite/src/infrastructure/repositories/InstanceRepositoryImpl.ts": {"lines":{"total":9,"covered":9,"skipped":0,"pct":100},"functions":{"total":2,"covered":2,"skipped":0,"pct":100},"statements":{"total":9,"covered":9,"skipped":0,"pct":100},"branches":{"total":2,"covered":2,"skipped":0,"pct":100}}
,"/Users/miguel/web_dev/roomdoo-vite/src/infrastructure/repositories/PmsPropertiesRepositoryImpl.ts": {"lines":{"total":14,"covered":14,"skipped":0,"pct":100},"functions":{"total":3,"covered":3,"skipped":0,"pct":100},"statements":{"total":14,"covered":14,"skipped":0,"pct":100},"branches":{"total":3,"covered":3,"skipped":0,"pct":100}}
,"/Users/miguel/web_dev/roomdoo-vite/src/infrastructure/repositories/UserRepositoryImpl.ts": {"lines":{"total":62,"covered":62,"skipped":0,"pct":100},"functions":{"total":9,"covered":9,"skipped":0,"pct":100},"statements":{"total":62,"covered":62,"skipped":0,"pct":100},"branches":{"total":24,"covered":24,"skipped":0,"pct":100}}
,"/Users/miguel/web_dev/roomdoo-vite/src/infrastructure/router/auth.routes.ts": {"lines":{"total":35,"covered":35,"skipped":0,"pct":100},"functions":{"total":6,"covered":0,"skipped":0,"pct":0},"statements":{"total":35,"covered":35,"skipped":0,"pct":100},"branches":{"total":0,"covered":0,"skipped":0,"pct":100}}
,"/Users/miguel/web_dev/roomdoo-vite/src/infrastructure/router/contacts.routes.ts": {"lines":{"total":62,"covered":62,"skipped":0,"pct":100},"functions":{"total":10,"covered":0,"skipped":0,"pct":0},"statements":{"total":62,"covered":62,"skipped":0,"pct":100},"branches":{"total":0,"covered":0,"skipped":0,"pct":100}}
,"/Users/miguel/web_dev/roomdoo-vite/src/infrastructure/router/error.routes.ts": {"lines":{"total":18,"covered":18,"skipped":0,"pct":100},"functions":{"total":3,"covered":0,"skipped":0,"pct":0},"statements":{"total":18,"covered":18,"skipped":0,"pct":100},"branches":{"total":0,"covered":0,"skipped":0,"pct":100}}
,"/Users/miguel/web_dev/roomdoo-vite/src/infrastructure/router/index.ts": {"lines":{"total":13,"covered":13,"skipped":0,"pct":100},"functions":{"total":0,"covered":0,"skipped":0,"pct":100},"statements":{"total":13,"covered":13,"skipped":0,"pct":100},"branches":{"total":0,"covered":0,"skipped":0,"pct":100}}
,"/Users/miguel/web_dev/roomdoo-vite/src/infrastructure/router/main.routes.ts": {"lines":{"total":50,"covered":50,"skipped":0,"pct":100},"functions":{"total":8,"covered":0,"skipped":0,"pct":0},"statements":{"total":50,"covered":50,"skipped":0,"pct":100},"branches":{"total":0,"covered":0,"skipped":0,"pct":100}}
,"/Users/miguel/web_dev/roomdoo-vite/src/infrastructure/router/public.routes.ts": {"lines":{"total":24,"covered":24,"skipped":0,"pct":100},"functions":{"total":4,"covered":0,"skipped":0,"pct":0},"statements":{"total":24,"covered":24,"skipped":0,"pct":100},"branches":{"total":0,"covered":0,"skipped":0,"pct":100}}
,"/Users/miguel/web_dev/roomdoo-vite/src/infrastructure/stores/contacts.ts": {"lines":{"total":148,"covered":0,"skipped":0,"pct":0},"functions":{"total":1,"covered":0,"skipped":0,"pct":0},"statements":{"total":148,"covered":0,"skipped":0,"pct":0},"branches":{"total":1,"covered":0,"skipped":0,"pct":0}}
,"/Users/miguel/web_dev/roomdoo-vite/src/infrastructure/stores/countries.ts": {"lines":{"total":17,"covered":0,"skipped":0,"pct":0},"functions":{"total":1,"covered":0,"skipped":0,"pct":0},"statements":{"total":17,"covered":0,"skipped":0,"pct":0},"branches":{"total":1,"covered":0,"skipped":0,"pct":0}}
,"/Users/miguel/web_dev/roomdoo-vite/src/infrastructure/stores/dynamicDialogs.ts": {"lines":{"total":22,"covered":3,"skipped":0,"pct":13.63},"functions":{"total":0,"covered":0,"skipped":0,"pct":100},"statements":{"total":22,"covered":3,"skipped":0,"pct":13.63},"branches":{"total":0,"covered":0,"skipped":0,"pct":100}}
,"/Users/miguel/web_dev/roomdoo-vite/src/infrastructure/stores/instance.ts": {"lines":{"total":16,"covered":14,"skipped":0,"pct":87.5},"functions":{"total":1,"covered":0,"skipped":0,"pct":0},"statements":{"total":16,"covered":14,"skipped":0,"pct":87.5},"branches":{"total":1,"covered":1,"skipped":0,"pct":100}}
,"/Users/miguel/web_dev/roomdoo-vite/src/infrastructure/stores/notifications.ts": {"lines":{"total":12,"covered":3,"skipped":0,"pct":25},"functions":{"total":0,"covered":0,"skipped":0,"pct":100},"statements":{"total":12,"covered":3,"skipped":0,"pct":25},"branches":{"total":0,"covered":0,"skipped":0,"pct":100}}
,"/Users/miguel/web_dev/roomdoo-vite/src/infrastructure/stores/pmsProperties.ts": {"lines":{"total":29,"covered":22,"skipped":0,"pct":75.86},"functions":{"total":3,"covered":0,"skipped":0,"pct":0},"statements":{"total":29,"covered":22,"skipped":0,"pct":75.86},"branches":{"total":1,"covered":1,"skipped":0,"pct":100}}
,"/Users/miguel/web_dev/roomdoo-vite/src/infrastructure/stores/textMessages.ts": {"lines":{"total":12,"covered":3,"skipped":0,"pct":25},"functions":{"total":0,"covered":0,"skipped":0,"pct":100},"statements":{"total":12,"covered":3,"skipped":0,"pct":25},"branches":{"total":0,"covered":0,"skipped":0,"pct":100}}
,"/Users/miguel/web_dev/roomdoo-vite/src/infrastructure/stores/ui.ts": {"lines":{"total":18,"covered":12,"skipped":0,"pct":66.66},"functions":{"total":4,"covered":1,"skipped":0,"pct":25},"statements":{"total":18,"covered":12,"skipped":0,"pct":66.66},"branches":{"total":1,"covered":1,"skipped":0,"pct":100}}
,"/Users/miguel/web_dev/roomdoo-vite/src/infrastructure/stores/user.ts": {"lines":{"total":70,"covered":29,"skipped":0,"pct":41.42},"functions":{"total":8,"covered":0,"skipped":0,"pct":0},"statements":{"total":70,"covered":29,"skipped":0,"pct":41.42},"branches":{"total":1,"covered":1,"skipped":0,"pct":100}}
,"/Users/miguel/web_dev/roomdoo-vite/src/ui/lucide-icons.ts": {"lines":{"total":20,"covered":20,"skipped":0,"pct":100},"functions":{"total":0,"covered":0,"skipped":0,"pct":100},"statements":{"total":20,"covered":20,"skipped":0,"pct":100},"branches":{"total":0,"covered":0,"skipped":0,"pct":100}}
,"/Users/miguel/web_dev/roomdoo-vite/src/ui/components/contacts/ContactDetail.vue": {"lines":{"total":1,"covered":0,"skipped":0,"pct":0},"functions":{"total":1,"covered":0,"skipped":0,"pct":0},"statements":{"total":1,"covered":0,"skipped":0,"pct":0},"branches":{"total":1,"covered":0,"skipped":0,"pct":0}}
,"/Users/miguel/web_dev/roomdoo-vite/src/ui/components/sidebar/Sidebar.vue": {"lines":{"total":344,"covered":311,"skipped":0,"pct":90.4},"functions":{"total":22,"covered":11,"skipped":0,"pct":50},"statements":{"total":344,"covered":311,"skipped":0,"pct":90.4},"branches":{"total":56,"covered":47,"skipped":0,"pct":83.92}}
,"/Users/miguel/web_dev/roomdoo-vite/src/ui/components/user/UserSettings.vue": {"lines":{"total":283,"covered":279,"skipped":0,"pct":98.58},"functions":{"total":19,"covered":13,"skipped":0,"pct":68.42},"statements":{"total":283,"covered":279,"skipped":0,"pct":98.58},"branches":{"total":47,"covered":44,"skipped":0,"pct":93.61}}
,"/Users/miguel/web_dev/roomdoo-vite/src/ui/composables/useAppDialog.ts": {"lines":{"total":50,"covered":0,"skipped":0,"pct":0},"functions":{"total":1,"covered":1,"skipped":0,"pct":100},"statements":{"total":50,"covered":0,"skipped":0,"pct":0},"branches":{"total":1,"covered":1,"skipped":0,"pct":100}}
,"/Users/miguel/web_dev/roomdoo-vite/src/ui/composables/useTranslatedValidationError.ts": {"lines":{"total":19,"covered":0,"skipped":0,"pct":0},"functions":{"total":1,"covered":0,"skipped":0,"pct":0},"statements":{"total":19,"covered":0,"skipped":0,"pct":0},"branches":{"total":1,"covered":0,"skipped":0,"pct":0}}
,"/Users/miguel/web_dev/roomdoo-vite/src/ui/layouts/InstanceLayout.vue": {"lines":{"total":59,"covered":59,"skipped":0,"pct":100},"functions":{"total":1,"covered":0,"skipped":0,"pct":0},"statements":{"total":59,"covered":59,"skipped":0,"pct":100},"branches":{"total":13,"covered":11,"skipped":0,"pct":84.61}}
,"/Users/miguel/web_dev/roomdoo-vite/src/ui/layouts/MainLayout.vue": {"lines":{"total":65,"covered":0,"skipped":0,"pct":0},"functions":{"total":1,"covered":1,"skipped":0,"pct":100},"statements":{"total":65,"covered":0,"skipped":0,"pct":0},"branches":{"total":1,"covered":1,"skipped":0,"pct":100}}
,"/Users/miguel/web_dev/roomdoo-vite/src/ui/pages/AgenciesPage.vue": {"lines":{"total":458,"covered":406,"skipped":0,"pct":88.64},"functions":{"total":27,"covered":21,"skipped":0,"pct":77.77},"statements":{"total":458,"covered":406,"skipped":0,"pct":88.64},"branches":{"total":81,"covered":72,"skipped":0,"pct":88.88}}
,"/Users/miguel/web_dev/roomdoo-vite/src/ui/pages/ContactsPage.vue": {"lines":{"total":516,"covered":461,"skipped":0,"pct":89.34},"functions":{"total":29,"covered":23,"skipped":0,"pct":79.31},"statements":{"total":516,"covered":461,"skipped":0,"pct":89.34},"branches":{"total":93,"covered":83,"skipped":0,"pct":89.24}}
,"/Users/miguel/web_dev/roomdoo-vite/src/ui/pages/CustomersPage.vue": {"lines":{"total":498,"covered":446,"skipped":0,"pct":89.55},"functions":{"total":28,"covered":22,"skipped":0,"pct":78.57},"statements":{"total":498,"covered":446,"skipped":0,"pct":89.55},"branches":{"total":86,"covered":76,"skipped":0,"pct":88.37}}
,"/Users/miguel/web_dev/roomdoo-vite/src/ui/pages/Error404Page.vue": {"lines":{"total":12,"covered":0,"skipped":0,"pct":0},"functions":{"total":1,"covered":1,"skipped":0,"pct":100},"statements":{"total":12,"covered":0,"skipped":0,"pct":0},"branches":{"total":1,"covered":1,"skipped":0,"pct":100}}
,"/Users/miguel/web_dev/roomdoo-vite/src/ui/pages/GuestsPage.vue": {"lines":{"total":431,"covered":381,"skipped":0,"pct":88.39},"functions":{"total":22,"covered":16,"skipped":0,"pct":72.72},"statements":{"total":431,"covered":381,"skipped":0,"pct":88.39},"branches":{"total":78,"covered":68,"skipped":0,"pct":87.17}}
,"/Users/miguel/web_dev/roomdoo-vite/src/ui/pages/HotelNotFoundPage.vue": {"lines":{"total":44,"covered":0,"skipped":0,"pct":0},"functions":{"total":1,"covered":1,"skipped":0,"pct":100},"statements":{"total":44,"covered":0,"skipped":0,"pct":0},"branches":{"total":1,"covered":1,"skipped":0,"pct":100}}
,"/Users/miguel/web_dev/roomdoo-vite/src/ui/pages/LoginPage.vue": {"lines":{"total":136,"covered":134,"skipped":0,"pct":98.52},"functions":{"total":5,"covered":5,"skipped":0,"pct":100},"statements":{"total":136,"covered":134,"skipped":0,"pct":98.52},"branches":{"total":20,"covered":18,"skipped":0,"pct":90}}
,"/Users/miguel/web_dev/roomdoo-vite/src/ui/pages/RequestResetPasswordPage.vue": {"lines":{"total":67,"covered":0,"skipped":0,"pct":0},"functions":{"total":1,"covered":1,"skipped":0,"pct":100},"statements":{"total":67,"covered":0,"skipped":0,"pct":0},"branches":{"total":1,"covered":1,"skipped":0,"pct":100}}
,"/Users/miguel/web_dev/roomdoo-vite/src/ui/pages/ResetPasswordPage.vue": {"lines":{"total":173,"covered":0,"skipped":0,"pct":0},"functions":{"total":1,"covered":1,"skipped":0,"pct":100},"statements":{"total":173,"covered":0,"skipped":0,"pct":0},"branches":{"total":1,"covered":1,"skipped":0,"pct":100}}
,"/Users/miguel/web_dev/roomdoo-vite/src/ui/pages/SuppliersPage.vue": {"lines":{"total":498,"covered":446,"skipped":0,"pct":89.55},"functions":{"total":28,"covered":22,"skipped":0,"pct":78.57},"statements":{"total":498,"covered":446,"skipped":0,"pct":89.55},"branches":{"total":86,"covered":76,"skipped":0,"pct":88.37}}
}
