TN:
SF:src/main.ts
FNF:0
FNH:0
DA:1,1
DA:2,1
DA:4,1
DA:5,1
DA:6,1
DA:7,1
DA:8,1
DA:10,1
DA:12,1
DA:13,1
DA:14,1
DA:15,1
DA:17,1
DA:18,1
DA:19,1
DA:20,1
DA:21,1
DA:22,1
DA:23,1
DA:24,1
DA:25,1
DA:26,1
DA:27,1
LF:23
LH:23
BRF:0
BRH:0
end_of_record
TN:
SF:src/application/contacts/ContactsService.ts
FN:6,ContactsService
FN:7,fetchContacts
FN:31,fetchCustomers
FN:55,fetchGuests
FN:77,fetchAgencies
FN:99,fetchSuppliers
FNF:6
FNH:6
FNDA:14,ContactsService
FNDA:3,fetchContacts
FNDA:3,fetchCustomers
FNDA:3,fetchGuests
FNDA:2,fetchAgencies
FNDA:3,fetchSuppliers
DA:5,1
DA:6,1
DA:7,1
DA:8,3
DA:9,3
DA:10,3
DA:11,3
DA:12,3
DA:13,3
DA:14,3
DA:15,3
DA:16,3
DA:17,3
DA:18,3
DA:19,3
DA:20,3
DA:21,3
DA:22,3
DA:23,3
DA:24,3
DA:25,3
DA:26,3
DA:27,3
DA:28,3
DA:29,2
DA:30,3
DA:31,1
DA:32,3
DA:33,3
DA:34,3
DA:35,3
DA:36,3
DA:37,3
DA:38,3
DA:39,3
DA:40,3
DA:41,3
DA:42,3
DA:43,3
DA:44,3
DA:45,3
DA:46,3
DA:47,3
DA:48,3
DA:49,3
DA:50,3
DA:51,3
DA:52,3
DA:53,2
DA:54,3
DA:55,1
DA:56,3
DA:57,3
DA:58,3
DA:59,3
DA:60,3
DA:61,3
DA:62,3
DA:63,3
DA:64,3
DA:65,3
DA:66,3
DA:67,3
DA:68,3
DA:69,3
DA:70,3
DA:71,3
DA:72,3
DA:73,3
DA:74,3
DA:75,2
DA:76,3
DA:77,1
DA:78,2
DA:79,2
DA:80,2
DA:81,2
DA:82,2
DA:83,2
DA:84,2
DA:85,2
DA:86,2
DA:87,2
DA:88,2
DA:89,2
DA:90,2
DA:91,2
DA:92,2
DA:93,2
DA:94,2
DA:95,2
DA:96,2
DA:97,2
DA:98,2
DA:99,1
DA:100,3
DA:101,3
DA:102,3
DA:103,3
DA:104,3
DA:105,3
DA:106,3
DA:107,3
DA:108,3
DA:109,3
DA:110,3
DA:111,3
DA:112,3
DA:113,3
DA:114,3
DA:115,3
DA:116,3
DA:117,3
DA:118,3
DA:119,3
DA:120,3
DA:121,2
DA:122,3
DA:123,1
LF:119
LH:119
BRDA:6,0,0,14
BRDA:7,1,0,3
BRDA:28,2,0,2
BRDA:31,3,0,3
BRDA:52,4,0,2
BRDA:55,5,0,3
BRDA:74,6,0,2
BRDA:77,7,0,2
BRDA:99,8,0,3
BRDA:120,9,0,2
BRF:10
BRH:10
end_of_record
TN:
SF:src/application/countries/CountriesService.ts
FN:5,CountriesService
FN:6,fetchCountries
FNF:2
FNH:2
FNDA:2,CountriesService
FNDA:2,fetchCountries
DA:4,1
DA:5,1
DA:6,1
DA:7,2
DA:8,1
DA:9,2
DA:10,1
LF:7
LH:7
BRDA:5,0,0,2
BRDA:6,1,0,2
BRDA:7,2,0,1
BRF:3
BRH:3
end_of_record
TN:
SF:src/application/instance/InstanceService.ts
FN:11,InstanceService
FN:12,fetchInstance
FNF:2
FNH:2
FNDA:6,InstanceService
FNDA:4,fetchInstance
DA:4,1
DA:5,1
DA:6,1
DA:8,1
DA:10,1
DA:11,1
DA:12,1
DA:13,4
DA:14,4
DA:15,4
DA:16,4
DA:17,3
DA:18,3
DA:19,5
DA:20,5
DA:21,5
DA:22,5
DA:23,3
DA:24,3
DA:26,4
DA:27,1
DA:28,1
DA:29,3
DA:30,3
DA:31,3
DA:32,3
DA:33,4
DA:34,1
LF:28
LH:28
BRDA:11,0,0,6
BRDA:12,1,0,4
BRDA:16,2,0,3
BRDA:26,3,0,1
BRDA:28,4,0,3
BRDA:17,5,0,9
BRDA:18,6,0,5
BRDA:24,7,0,5
BRF:8
BRH:8
end_of_record
TN:
SF:src/application/pmsProperties/PmsPropertiesService.ts
FN:6,PmsPropertiesService
FN:7,fetchPmsProperties
FN:10,fetchMenuLinks
FN:13,fetchPmsPropertyLink
FNF:4
FNH:4
FNDA:17,PmsPropertiesService
FNDA:2,fetchPmsProperties
FNDA:2,fetchMenuLinks
FNDA:2,fetchPmsPropertyLink
DA:5,1
DA:6,1
DA:7,1
DA:8,2
DA:9,2
DA:10,1
DA:11,2
DA:12,2
DA:13,1
DA:14,2
DA:15,2
DA:16,1
LF:12
LH:12
BRDA:6,0,0,17
BRDA:7,1,0,2
BRDA:10,2,0,2
BRDA:13,3,0,2
BRF:4
BRH:4
end_of_record
TN:
SF:src/application/shared/InternalServerError.ts
FN:2,InternalServerError
FNF:1
FNH:1
FNDA:2,InternalServerError
DA:1,1
DA:2,1
DA:3,2
DA:4,2
DA:5,2
DA:6,1
LF:6
LH:6
BRDA:2,0,0,2
BRF:1
BRH:1
end_of_record
TN:
SF:src/application/shared/UnauthorizedError.ts
FN:2,UnauthorizedError
FNF:1
FNH:1
FNDA:12,UnauthorizedError
DA:1,1
DA:2,1
DA:3,12
DA:4,12
DA:5,12
DA:6,1
LF:6
LH:6
BRDA:2,0,0,12
BRF:1
BRH:1
end_of_record
TN:
SF:src/application/shared/UnknownError.ts
FN:2,UnknownError
FNF:1
FNH:1
FNDA:1,UnknownError
DA:1,1
DA:2,1
DA:3,1
DA:4,1
DA:5,1
DA:6,1
LF:6
LH:6
BRDA:2,0,0,1
BRF:1
BRH:1
end_of_record
TN:
SF:src/application/user/UserSchemas.ts
FN:1,(empty-report)
FNF:1
FNH:0
FNDA:0,(empty-report)
DA:1,0
DA:3,0
DA:4,0
DA:5,0
DA:6,0
DA:7,0
DA:8,0
DA:9,0
DA:10,0
DA:11,0
DA:12,0
DA:13,0
DA:14,0
DA:15,0
DA:16,0
DA:17,0
DA:18,0
DA:19,0
DA:20,0
DA:21,0
LF:20
LH:0
BRDA:1,0,0,0
BRF:1
BRH:0
end_of_record
TN:
SF:src/application/user/UserService.ts
FN:5,UserService
FN:6,loginAndGetUser
FN:19,requestChangePassword
FN:23,resetPassword
FN:27,changePassword
FN:31,refreshToken
FN:35,updateUser
FN:39,logout
FNF:8
FNH:5
FNDA:15,UserService
FNDA:3,loginAndGetUser
FNDA:1,requestChangePassword
FNDA:2,resetPassword
FNDA:0,changePassword
FNDA:2,refreshToken
FNDA:0,updateUser
FNDA:0,logout
DA:4,1
DA:5,1
DA:6,1
DA:7,3
DA:8,2
DA:9,2
DA:11,2
DA:12,2
DA:13,2
DA:14,2
DA:16,2
DA:17,3
DA:19,1
DA:20,1
DA:21,1
DA:23,1
DA:24,2
DA:25,2
DA:27,1
DA:28,0
DA:29,0
DA:31,1
DA:32,2
DA:33,2
DA:35,1
DA:36,0
DA:37,0
DA:39,1
DA:40,0
DA:41,0
DA:42,1
LF:31
LH:25
BRDA:5,0,0,15
BRDA:6,1,0,3
BRDA:7,2,0,2
BRDA:19,3,0,1
BRDA:23,4,0,2
BRDA:24,5,0,1
BRDA:31,6,0,2
BRDA:32,7,0,1
BRF:8
BRH:8
end_of_record
TN:
SF:src/domain/entities/Contact.ts
FN:1,(empty-report)
FNF:1
FNH:1
FNDA:1,(empty-report)
LF:0
LH:0
BRDA:1,0,0,1
BRF:1
BRH:1
end_of_record
TN:
SF:src/domain/entities/Country.ts
FN:1,(empty-report)
FNF:1
FNH:1
FNDA:1,(empty-report)
LF:0
LH:0
BRDA:1,0,0,1
BRF:1
BRH:1
end_of_record
TN:
SF:src/domain/entities/Instance.ts
FN:1,(empty-report)
FNF:1
FNH:1
FNDA:1,(empty-report)
LF:0
LH:0
BRDA:1,0,0,1
BRF:1
BRH:1
end_of_record
TN:
SF:src/domain/entities/Language.ts
FN:1,(empty-report)
FNF:1
FNH:1
FNDA:1,(empty-report)
LF:0
LH:0
BRDA:1,0,0,1
BRF:1
BRH:1
end_of_record
TN:
SF:src/domain/entities/MenuLink.ts
FN:1,(empty-report)
FNF:1
FNH:1
FNDA:1,(empty-report)
LF:0
LH:0
BRDA:1,0,0,1
BRF:1
BRH:1
end_of_record
TN:
SF:src/domain/entities/PersonalDocument.ts
FN:1,(empty-report)
FNF:1
FNH:1
FNDA:1,(empty-report)
LF:0
LH:0
BRDA:1,0,0,1
BRF:1
BRH:1
end_of_record
TN:
SF:src/domain/entities/Phone.ts
FN:1,(empty-report)
FNF:1
FNH:1
FNDA:1,(empty-report)
LF:0
LH:0
BRDA:1,0,0,1
BRF:1
BRH:1
end_of_record
TN:
SF:src/domain/entities/PmsProperty.ts
FN:1,(empty-report)
FNF:1
FNH:1
FNDA:1,(empty-report)
LF:0
LH:0
BRDA:1,0,0,1
BRF:1
BRH:1
end_of_record
TN:
SF:src/domain/entities/User.ts
FN:1,(empty-report)
FNF:1
FNH:1
FNDA:1,(empty-report)
DA:3,0
DA:4,0
LF:2
LH:0
BRDA:1,0,0,1
BRF:1
BRH:1
end_of_record
TN:
SF:src/domain/repositories/ContactsRepository.ts
FN:1,(empty-report)
FNF:1
FNH:1
FNDA:1,(empty-report)
LF:0
LH:0
BRDA:1,0,0,1
BRF:1
BRH:1
end_of_record
TN:
SF:src/domain/repositories/CountriesRepository.ts
FN:1,(empty-report)
FNF:1
FNH:1
FNDA:1,(empty-report)
LF:0
LH:0
BRDA:1,0,0,1
BRF:1
BRH:1
end_of_record
TN:
SF:src/domain/repositories/EntityListResponse.ts
FN:1,(empty-report)
FNF:1
FNH:1
FNDA:1,(empty-report)
LF:0
LH:0
BRDA:1,0,0,1
BRF:1
BRH:1
end_of_record
TN:
SF:src/domain/repositories/InstanceRepository.ts
FN:1,(empty-report)
FNF:1
FNH:1
FNDA:1,(empty-report)
LF:0
LH:0
BRDA:1,0,0,1
BRF:1
BRH:1
end_of_record
TN:
SF:src/domain/repositories/PmsPropertiesRepository.ts
FN:1,(empty-report)
FNF:1
FNH:1
FNDA:1,(empty-report)
LF:0
LH:0
BRDA:1,0,0,1
BRF:1
BRH:1
end_of_record
TN:
SF:src/domain/repositories/UserRepository.ts
FN:1,(empty-report)
FNF:1
FNH:1
FNDA:1,(empty-report)
LF:0
LH:0
BRDA:1,0,0,1
BRF:1
BRH:1
end_of_record
TN:
SF:src/domain/types/ContactType.ts
FNF:0
FNH:0
DA:1,1
LF:1
LH:1
BRF:0
BRH:0
end_of_record
TN:
SF:src/domain/types/Id.ts
FN:1,(empty-report)
FNF:1
FNH:1
FNDA:1,(empty-report)
LF:0
LH:0
BRDA:1,0,0,1
BRF:1
BRH:1
end_of_record
TN:
SF:src/domain/types/ImageUrl.ts
FN:1,(empty-report)
FNF:1
FNH:1
FNDA:1,(empty-report)
LF:0
LH:0
BRDA:1,0,0,1
BRF:1
BRH:1
end_of_record
TN:
SF:src/infrastructure/cookies/CookieService.ts
FN:4,setCookie
FN:10,getCookie
FN:20,setUserCookies
FN:33,readCookieField
FN:37,getUserCookies
FN:87,clearUserCookies
FNF:6
FNH:0
FNDA:0,setCookie
FNDA:0,getCookie
FNDA:0,setUserCookies
FNDA:0,readCookieField
FNDA:0,getUserCookies
FNDA:0,clearUserCookies
DA:3,1
DA:4,1
DA:5,0
DA:6,0
DA:7,0
DA:8,0
DA:10,1
DA:11,0
DA:12,0
DA:13,0
DA:14,0
DA:15,0
DA:16,0
DA:17,0
DA:18,0
DA:20,1
DA:21,0
DA:22,0
DA:23,0
DA:24,0
DA:25,0
DA:26,0
DA:27,0
DA:28,0
DA:29,0
DA:30,0
DA:31,0
DA:33,1
DA:34,0
DA:35,0
DA:37,1
DA:38,0
DA:39,0
DA:40,0
DA:41,0
DA:42,0
DA:43,0
DA:44,0
DA:45,0
DA:46,0
DA:47,0
DA:48,0
DA:49,0
DA:50,0
DA:51,0
DA:52,0
DA:53,0
DA:54,0
DA:55,0
DA:56,0
DA:57,0
DA:58,0
DA:59,0
DA:61,0
DA:62,0
DA:63,0
DA:64,0
DA:65,0
DA:66,0
DA:67,0
DA:69,0
DA:70,0
DA:71,0
DA:73,0
DA:74,0
DA:75,0
DA:76,0
DA:77,0
DA:78,0
DA:79,0
DA:80,0
DA:81,0
DA:82,0
DA:83,0
DA:84,0
DA:85,0
DA:87,1
DA:88,0
DA:89,0
DA:90,0
DA:91,0
DA:92,0
DA:93,0
DA:94,0
DA:95,0
DA:96,0
DA:97,0
DA:98,0
DA:99,0
DA:101,0
DA:102,0
DA:103,0
DA:104,0
DA:105,1
LF:94
LH:8
BRF:0
BRH:0
end_of_record
TN:
SF:src/infrastructure/http/axios.ts
FN:45,processQueue
FN:57,api.interceptors.response.use.originalRequest
FN:70,isRefreshing
FN:72,resolve
FN:75,reject
FNF:5
FNH:5
FNDA:7,processQueue
FNDA:6,api.interceptors.response.use.originalRequest
FNDA:3,isRefreshing
FNDA:2,resolve
FNDA:1,reject
DA:1,1
DA:8,1
DA:9,1
DA:10,1
DA:11,1
DA:12,1
DA:13,1
DA:14,1
DA:15,1
DA:21,1
DA:22,1
DA:23,10
DA:24,2
DA:25,1
DA:26,1
DA:27,1
DA:28,1
DA:30,1
DA:31,1
DA:32,1
DA:33,1
DA:35,1
DA:36,22
DA:37,22
DA:38,22
DA:39,22
DA:40,22
DA:41,22
DA:43,1
DA:44,1
DA:45,1
DA:46,7
DA:47,3
DA:48,1
DA:49,3
DA:50,2
DA:51,2
DA:52,7
DA:53,7
DA:54,7
DA:56,1
DA:57,1
DA:58,1
DA:59,16
DA:60,16
DA:61,16
DA:62,14
DA:63,14
DA:64,14
DA:65,12
DA:66,11
DA:67,16
DA:68,10
DA:69,10
DA:70,3
DA:71,3
DA:72,3
DA:73,2
DA:74,2
DA:75,3
DA:76,1
DA:77,1
DA:78,3
DA:79,3
DA:80,3
DA:81,7
DA:82,7
DA:83,7
DA:84,3
DA:85,3
DA:86,10
DA:87,4
DA:88,4
DA:89,4
DA:90,4
DA:91,4
DA:92,4
DA:93,4
DA:94,4
DA:95,4
DA:96,4
DA:97,3
DA:98,3
DA:100,4
DA:101,10
DA:102,7
DA:103,7
DA:104,10
DA:105,16
DA:106,16
DA:107,4
DA:108,16
DA:109,1
DA:110,1
DA:111,1
DA:112,1
DA:113,1
DA:114,16
DA:115,1
DA:116,1
DA:117,1
DA:118,1
DA:119,1
DA:120,16
DA:121,16
DA:122,1
LF:106
LH:106
BRDA:22,0,0,10
BRDA:24,1,0,2
BRDA:24,2,0,1
BRDA:35,3,0,22
BRDA:45,4,0,7
BRDA:46,5,0,3
BRDA:47,6,0,1
BRDA:49,7,0,2
BRDA:57,8,0,6
BRDA:58,9,0,16
BRDA:61,10,0,14
BRDA:62,11,0,14
BRDA:63,12,0,14
BRDA:64,13,0,12
BRDA:65,14,0,11
BRDA:67,15,0,10
BRDA:69,16,0,3
BRDA:80,17,0,7
BRDA:83,18,0,3
BRDA:86,19,0,4
BRDA:95,20,0,3
BRDA:95,21,0,1
BRDA:96,22,0,3
BRDA:96,23,0,3
BRDA:101,24,0,0
BRDA:101,25,0,7
BRDA:104,26,0,6
BRDA:106,27,0,4
BRDA:108,28,0,1
BRDA:114,29,0,1
BRDA:70,30,0,3
BRDA:72,31,0,2
BRDA:75,32,0,1
BRF:33
BRH:32
end_of_record
TN:
SF:src/infrastructure/plugins/i18n.ts
FN:17,t
FNF:1
FNH:1
FNDA:7,t
DA:1,1
DA:2,1
DA:3,1
DA:5,1
DA:6,1
DA:8,1
DA:9,1
DA:10,1
DA:11,1
DA:12,1
DA:13,1
DA:14,1
DA:15,1
DA:17,1
DA:18,7
DA:19,7
DA:20,7
DA:21,7
DA:22,7
DA:23,7
DA:24,2
DA:25,2
DA:26,7
DA:27,3
DA:28,3
DA:29,2
DA:30,2
LF:27
LH:27
BRDA:11,0,0,3
BRDA:11,1,0,13
BRDA:13,2,0,48
BRDA:17,3,0,7
BRDA:23,4,0,2
BRDA:23,5,0,2
BRDA:25,6,0,5
BRDA:26,7,0,3
BRDA:28,8,0,2
BRF:9
BRH:9
end_of_record
TN:
SF:src/infrastructure/plugins/primevue.ts
FN:30,getLocale
FN:41,updatePrimevueLocale
FN:48,install
FN:58,render
FNF:4
FNH:3
FNDA:101,getLocale
FNDA:8,updatePrimevueLocale
FNDA:93,install
FNDA:0,render
DA:1,1
DA:2,1
DA:3,1
DA:4,1
DA:5,1
DA:6,1
DA:7,1
DA:8,1
DA:10,1
DA:11,1
DA:12,1
DA:13,1
DA:14,1
DA:15,1
DA:16,1
DA:17,1
DA:18,1
DA:19,1
DA:20,1
DA:21,1
DA:22,1
DA:23,1
DA:24,1
DA:25,1
DA:26,1
DA:28,1
DA:30,1
DA:31,101
DA:32,101
DA:33,101
DA:34,5
DA:35,101
DA:36,2
DA:37,2
DA:38,94
DA:39,94
DA:41,1
DA:42,8
DA:43,8
DA:44,5
DA:45,5
DA:46,8
DA:47,1
DA:48,1
DA:49,93
DA:50,93
DA:51,93
DA:52,93
DA:53,93
DA:55,93
DA:56,93
DA:58,93
DA:59,93
DA:62,93
DA:63,93
DA:64,93
DA:65,93
DA:68,93
DA:69,93
DA:70,93
DA:71,93
DA:72,93
DA:73,93
DA:74,93
DA:75,93
DA:76,93
DA:77,93
DA:78,93
DA:79,93
DA:86,93
DA:87,93
DA:88,1
LF:72
LH:72
BRDA:30,0,0,101
BRDA:33,1,0,100
BRDA:33,2,0,98
BRDA:33,3,0,97
BRDA:33,4,0,5
BRDA:35,5,0,96
BRDA:35,6,0,2
BRDA:37,7,0,94
BRDA:41,8,0,8
BRDA:43,9,0,5
BRDA:43,10,0,5
BRDA:43,11,0,5
BRDA:48,12,0,93
BRF:13
BRH:13
end_of_record
TN:
SF:src/infrastructure/plugins/router.ts
FN:7,attachGlobalGuards
FN:42,makeRouter
FNF:2
FNH:2
FNDA:16,attachGlobalGuards
FNDA:16,makeRouter
DA:1,1
DA:2,1
DA:3,1
DA:4,1
DA:7,1
DA:8,16
DA:9,6
DA:12,6
DA:15,6
DA:16,2
DA:17,2
DA:18,1
DA:19,1
DA:20,2
DA:21,2
DA:22,2
DA:23,2
DA:26,6
DA:27,2
DA:28,2
DA:31,6
DA:32,1
DA:33,1
DA:35,3
DA:36,16
DA:38,16
DA:39,16
DA:42,1
DA:43,16
DA:44,16
DA:45,16
DA:46,16
DA:47,16
DA:48,16
DA:51,1
DA:52,1
LF:36
LH:36
BRDA:7,0,0,16
BRDA:8,1,0,6
BRDA:12,2,0,1
BRDA:12,3,0,5
BRDA:15,4,0,2
BRDA:17,5,0,1
BRDA:22,6,0,1
BRDA:23,7,0,4
BRDA:26,8,0,2
BRDA:28,9,0,4
BRDA:31,10,0,3
BRDA:31,11,0,1
BRDA:33,12,0,3
BRDA:21,13,0,2
BRDA:42,14,0,16
BRF:15
BRH:15
end_of_record
TN:
SF:src/infrastructure/repositories/ContactsRepositoryImpl.ts
FN:6,isNonEmptyString
FN:8,buildQueryParamsFromFilters
FN:63,fetchContacts
FN:94,fetchCustomers
FN:125,fetchGuests
FN:165,fetchAgencies
FN:194,fetchSuppliers
FNF:7
FNH:7
FNDA:77,isNonEmptyString
FNDA:11,buildQueryParamsFromFilters
FNDA:3,fetchContacts
FNDA:2,fetchCustomers
FNDA:2,fetchGuests
FNDA:2,fetchAgencies
FNDA:2,fetchSuppliers
DA:4,1
DA:6,1
DA:8,11
DA:18,11
DA:19,11
DA:22,11
DA:23,5
DA:24,5
DA:25,11
DA:26,5
DA:27,5
DA:28,11
DA:29,4
DA:30,4
DA:31,11
DA:32,1
DA:33,1
DA:36,11
DA:37,1
DA:38,1
DA:39,1
DA:40,1
DA:41,11
DA:42,4
DA:43,4
DA:44,11
DA:45,5
DA:46,10
DA:47,10
DA:48,5
DA:51,11
DA:52,2
DA:53,2
DA:56,11
DA:57,2
DA:58,2
DA:59,11
DA:60,11
DA:62,1
DA:63,1
DA:64,3
DA:65,3
DA:66,3
DA:67,3
DA:68,3
DA:69,3
DA:70,3
DA:71,3
DA:72,3
DA:73,3
DA:74,3
DA:75,3
DA:76,3
DA:77,3
DA:78,3
DA:79,3
DA:80,3
DA:81,3
DA:82,3
DA:83,3
DA:85,3
DA:86,1
DA:87,1
DA:89,3
DA:90,3
DA:91,2
DA:92,3
DA:94,1
DA:95,2
DA:96,2
DA:97,2
DA:98,2
DA:99,2
DA:100,2
DA:101,2
DA:102,2
DA:103,2
DA:104,2
DA:105,2
DA:106,2
DA:107,2
DA:108,2
DA:109,2
DA:110,2
DA:111,2
DA:112,2
DA:113,2
DA:114,2
DA:116,2
DA:117,1
DA:118,1
DA:120,2
DA:121,2
DA:122,1
DA:123,2
DA:125,1
DA:126,2
DA:127,2
DA:128,2
DA:129,2
DA:130,2
DA:131,2
DA:132,2
DA:133,2
DA:134,2
DA:135,2
DA:136,2
DA:137,2
DA:138,2
DA:139,2
DA:140,2
DA:141,2
DA:142,2
DA:143,2
DA:145,2
DA:146,1
DA:147,1
DA:149,2
DA:150,2
DA:152,1
DA:153,1
DA:154,1
DA:155,1
DA:156,1
DA:157,1
DA:158,1
DA:159,1
DA:160,1
DA:162,1
DA:163,2
DA:165,1
DA:166,2
DA:167,2
DA:168,2
DA:169,2
DA:170,2
DA:171,2
DA:172,2
DA:173,2
DA:174,2
DA:175,2
DA:176,2
DA:177,2
DA:178,2
DA:179,2
DA:180,2
DA:181,2
DA:182,2
DA:183,2
DA:185,2
DA:186,1
DA:187,1
DA:189,2
DA:190,2
DA:191,1
DA:192,2
DA:194,1
DA:195,2
DA:196,2
DA:197,2
DA:198,2
DA:199,2
DA:200,2
DA:201,2
DA:202,2
DA:203,2
DA:204,2
DA:205,2
DA:206,2
DA:207,2
DA:208,2
DA:209,2
DA:210,2
DA:211,2
DA:212,2
DA:213,2
DA:214,2
DA:216,2
DA:217,1
DA:218,1
DA:220,2
DA:221,2
DA:222,1
DA:223,2
DA:224,1
LF:185
LH:185
BRDA:6,0,0,77
BRDA:6,1,0,26
BRDA:8,2,0,11
BRDA:22,3,0,5
BRDA:25,4,0,5
BRDA:28,5,0,4
BRDA:31,6,0,1
BRDA:36,7,0,1
BRDA:36,8,0,1
BRDA:41,9,0,4
BRDA:44,10,0,5
BRDA:44,11,0,5
BRDA:45,12,0,10
BRDA:51,13,0,2
BRDA:56,14,0,2
BRDA:63,15,0,3
BRDA:85,16,0,1
BRDA:90,17,0,2
BRDA:94,18,0,2
BRDA:116,19,0,1
BRDA:121,20,0,1
BRDA:125,21,0,2
BRDA:145,22,0,1
BRDA:150,23,0,1
BRDA:152,24,0,1
BRDA:165,25,0,2
BRDA:185,26,0,1
BRDA:190,27,0,1
BRDA:194,28,0,2
BRDA:216,29,0,1
BRDA:221,30,0,1
BRF:31
BRH:31
end_of_record
TN:
SF:src/infrastructure/repositories/CountriesRepositoryImpl.ts
FN:6,fetchCountries
FNF:1
FNH:1
FNDA:1,fetchCountries
DA:3,1
DA:5,1
DA:6,1
DA:7,1
DA:8,1
DA:9,1
LF:6
LH:6
BRDA:6,0,0,1
BRF:1
BRH:1
end_of_record
TN:
SF:src/infrastructure/repositories/InstanceRepositoryImpl.ts
FN:7,fetchInstance
FN:11,fetchLanguages
FNF:2
FNH:2
FNDA:1,fetchInstance
FNDA:1,fetchLanguages
DA:4,1
DA:6,1
DA:7,1
DA:8,1
DA:9,1
DA:11,1
DA:12,1
DA:13,1
DA:14,1
LF:9
LH:9
BRDA:7,0,0,1
BRDA:11,1,0,1
BRF:2
BRH:2
end_of_record
TN:
SF:src/infrastructure/repositories/PmsPropertiesRepositoryImpl.ts
FN:7,fetchPmsProperties
FN:10,fetchMenuLinks
FN:14,fetchPmsPropertyLink
FNF:3
FNH:3
FNDA:1,fetchPmsProperties
FNDA:1,fetchMenuLinks
FNDA:1,fetchPmsPropertyLink
DA:1,1
DA:6,1
DA:7,1
DA:8,1
DA:9,1
DA:10,1
DA:11,1
DA:12,1
DA:14,1
DA:15,1
DA:16,1
DA:17,1
DA:18,1
DA:19,1
LF:14
LH:14
BRDA:7,0,0,1
BRDA:10,1,0,1
BRDA:14,2,0,1
BRF:3
BRH:3
end_of_record
TN:
SF:src/infrastructure/repositories/UserRepositoryImpl.ts
FN:9,login
FN:13,fetchUser
FN:23,fetchAvailabilityRuleFields
FN:28,requestChangePassword
FN:32,resetPassword
FN:36,changePassword
FN:40,refreshToken
FN:43,updateUser
FN:74,logout
FNF:9
FNH:9
FNDA:2,login
FNDA:2,fetchUser
FNDA:2,fetchAvailabilityRuleFields
FNDA:2,requestChangePassword
FNDA:2,resetPassword
FNDA:2,changePassword
FNDA:2,refreshToken
FNDA:3,updateUser
FNDA:1,logout
DA:1,1
DA:4,1
DA:5,1
DA:6,1
DA:8,1
DA:9,1
DA:10,2
DA:11,2
DA:13,1
DA:14,2
DA:15,1
DA:16,1
DA:17,1
DA:18,1
DA:19,1
DA:20,1
DA:21,2
DA:23,1
DA:24,2
DA:25,1
DA:26,2
DA:28,1
DA:29,2
DA:30,2
DA:32,1
DA:33,2
DA:34,2
DA:36,1
DA:37,2
DA:38,2
DA:40,1
DA:41,2
DA:42,2
DA:43,1
DA:44,3
DA:51,3
DA:52,3
DA:53,2
DA:54,2
DA:55,3
DA:56,1
DA:57,1
DA:58,3
DA:59,1
DA:60,1
DA:61,3
DA:62,1
DA:63,1
DA:64,3
DA:65,1
DA:66,1
DA:67,3
DA:68,2
DA:69,2
DA:70,2
DA:71,2
DA:72,3
DA:73,3
DA:74,1
DA:75,1
DA:76,1
DA:77,1
LF:62
LH:62
BRDA:9,0,0,2
BRDA:10,1,0,1
BRDA:13,2,0,2
BRDA:14,3,0,1
BRDA:23,4,0,2
BRDA:24,5,0,1
BRDA:25,6,0,2
BRDA:28,7,0,2
BRDA:29,8,0,1
BRDA:32,9,0,2
BRDA:33,10,0,1
BRDA:36,11,0,2
BRDA:37,12,0,1
BRDA:40,13,0,2
BRDA:41,14,0,1
BRDA:43,15,0,3
BRDA:52,16,0,2
BRDA:55,17,0,1
BRDA:58,18,0,1
BRDA:61,19,0,1
BRDA:64,20,0,1
BRDA:67,21,0,2
BRDA:72,22,0,2
BRDA:74,23,0,1
BRF:24
BRH:24
end_of_record
TN:
SF:src/infrastructure/router/auth.routes.ts
FN:6,component
FN:11,component
FN:17,component
FN:22,component
FN:28,component
FN:33,component
FNF:6
FNH:0
FNDA:0,component
FNDA:0,component
FNDA:0,component
FNDA:0,component
FNDA:0,component
FNDA:0,component
DA:3,1
DA:4,1
DA:5,1
DA:6,1
DA:7,1
DA:8,1
DA:9,1
DA:10,1
DA:11,1
DA:12,1
DA:13,1
DA:14,1
DA:15,1
DA:16,1
DA:17,1
DA:18,1
DA:19,1
DA:20,1
DA:21,1
DA:22,1
DA:23,1
DA:24,1
DA:25,1
DA:26,1
DA:27,1
DA:28,1
DA:29,1
DA:30,1
DA:31,1
DA:32,1
DA:33,1
DA:34,1
DA:35,1
DA:36,1
DA:37,1
LF:35
LH:35
BRF:0
BRH:0
end_of_record
TN:
SF:src/infrastructure/router/contacts.routes.ts
FN:6,component
FN:11,component
FN:32,component
FN:37,component
FN:44,component
FN:49,component
FN:56,component
FN:61,component
FN:68,component
FN:73,component
FNF:10
FNH:0
FNDA:0,component
FNDA:0,component
FNDA:0,component
FNDA:0,component
FNDA:0,component
FNDA:0,component
FNDA:0,component
FNDA:0,component
FNDA:0,component
FNDA:0,component
DA:3,1
DA:4,1
DA:5,1
DA:6,1
DA:7,1
DA:8,1
DA:9,1
DA:10,1
DA:11,1
DA:12,1
DA:13,1
DA:28,1
DA:29,1
DA:30,1
DA:31,1
DA:32,1
DA:33,1
DA:34,1
DA:35,1
DA:36,1
DA:37,1
DA:38,1
DA:39,1
DA:40,1
DA:41,1
DA:42,1
DA:43,1
DA:44,1
DA:45,1
DA:46,1
DA:47,1
DA:48,1
DA:49,1
DA:50,1
DA:51,1
DA:52,1
DA:53,1
DA:54,1
DA:55,1
DA:56,1
DA:57,1
DA:58,1
DA:59,1
DA:60,1
DA:61,1
DA:62,1
DA:63,1
DA:64,1
DA:65,1
DA:66,1
DA:67,1
DA:68,1
DA:69,1
DA:70,1
DA:71,1
DA:72,1
DA:73,1
DA:74,1
DA:75,1
DA:76,1
DA:77,1
DA:78,1
LF:62
LH:62
BRF:0
BRH:0
end_of_record
TN:
SF:src/infrastructure/router/error.routes.ts
FN:6,component
FN:11,component
FN:19,component
FNF:3
FNH:0
FNDA:0,component
FNDA:0,component
FNDA:0,component
DA:3,1
DA:4,1
DA:5,1
DA:6,1
DA:7,1
DA:8,1
DA:9,1
DA:10,1
DA:11,1
DA:12,1
DA:13,1
DA:14,1
DA:16,1
DA:17,1
DA:18,1
DA:19,1
DA:20,1
DA:21,1
LF:18
LH:18
BRF:0
BRH:0
end_of_record
TN:
SF:src/infrastructure/router/index.ts
FNF:0
FNH:0
DA:3,1
DA:4,1
DA:5,1
DA:6,1
DA:7,1
DA:9,1
DA:10,1
DA:11,1
DA:12,1
DA:13,1
DA:15,1
DA:16,1
DA:18,1
LF:13
LH:13
BRF:0
BRH:0
end_of_record
TN:
SF:src/infrastructure/router/main.routes.ts
FN:6,component
FN:11,component
FN:18,component
FN:23,component
FN:30,component
FN:35,component
FN:42,component
FN:47,component
FNF:8
FNH:0
FNDA:0,component
FNDA:0,component
FNDA:0,component
FNDA:0,component
FNDA:0,component
FNDA:0,component
FNDA:0,component
FNDA:0,component
DA:3,1
DA:4,1
DA:5,1
DA:6,1
DA:7,1
DA:8,1
DA:9,1
DA:10,1
DA:11,1
DA:12,1
DA:13,1
DA:14,1
DA:15,1
DA:16,1
DA:17,1
DA:18,1
DA:19,1
DA:20,1
DA:21,1
DA:22,1
DA:23,1
DA:24,1
DA:25,1
DA:26,1
DA:27,1
DA:28,1
DA:29,1
DA:30,1
DA:31,1
DA:32,1
DA:33,1
DA:34,1
DA:35,1
DA:36,1
DA:37,1
DA:38,1
DA:39,1
DA:40,1
DA:41,1
DA:42,1
DA:43,1
DA:44,1
DA:45,1
DA:46,1
DA:47,1
DA:48,1
DA:49,1
DA:50,1
DA:51,1
DA:52,1
LF:50
LH:50
BRF:0
BRH:0
end_of_record
TN:
SF:src/infrastructure/router/public.routes.ts
FN:6,component
FN:11,component
FN:18,component
FN:23,component
FNF:4
FNH:0
FNDA:0,component
FNDA:0,component
FNDA:0,component
FNDA:0,component
DA:3,1
DA:4,1
DA:5,1
DA:6,1
DA:7,1
DA:8,1
DA:9,1
DA:10,1
DA:11,1
DA:12,1
DA:13,1
DA:14,1
DA:16,1
DA:17,1
DA:18,1
DA:19,1
DA:20,1
DA:21,1
DA:22,1
DA:23,1
DA:24,1
DA:25,1
DA:26,1
DA:27,1
LF:24
LH:24
BRF:0
BRH:0
end_of_record
TN:
SF:src/infrastructure/stores/contacts.ts
FN:1,(empty-report)
FNF:1
FNH:0
FNDA:0,(empty-report)
DA:1,0
DA:2,0
DA:4,0
DA:5,0
DA:8,0
DA:10,0
DA:11,0
DA:12,0
DA:13,0
DA:14,0
DA:15,0
DA:16,0
DA:17,0
DA:19,0
DA:20,0
DA:21,0
DA:22,0
DA:23,0
DA:24,0
DA:25,0
DA:26,0
DA:27,0
DA:28,0
DA:29,0
DA:30,0
DA:31,0
DA:32,0
DA:33,0
DA:34,0
DA:35,0
DA:36,0
DA:37,0
DA:38,0
DA:39,0
DA:40,0
DA:41,0
DA:42,0
DA:43,0
DA:45,0
DA:46,0
DA:47,0
DA:48,0
DA:49,0
DA:50,0
DA:51,0
DA:52,0
DA:53,0
DA:54,0
DA:55,0
DA:56,0
DA:57,0
DA:58,0
DA:59,0
DA:60,0
DA:61,0
DA:62,0
DA:63,0
DA:64,0
DA:65,0
DA:66,0
DA:67,0
DA:68,0
DA:69,0
DA:71,0
DA:72,0
DA:73,0
DA:74,0
DA:75,0
DA:76,0
DA:77,0
DA:78,0
DA:79,0
DA:80,0
DA:81,0
DA:82,0
DA:83,0
DA:84,0
DA:85,0
DA:86,0
DA:87,0
DA:88,0
DA:89,0
DA:90,0
DA:91,0
DA:92,0
DA:93,0
DA:95,0
DA:96,0
DA:97,0
DA:98,0
DA:99,0
DA:100,0
DA:101,0
DA:102,0
DA:103,0
DA:104,0
DA:105,0
DA:106,0
DA:107,0
DA:108,0
DA:109,0
DA:110,0
DA:111,0
DA:112,0
DA:113,0
DA:114,0
DA:115,0
DA:116,0
DA:117,0
DA:119,0
DA:120,0
DA:121,0
DA:122,0
DA:123,0
DA:124,0
DA:125,0
DA:126,0
DA:127,0
DA:128,0
DA:129,0
DA:130,0
DA:131,0
DA:132,0
DA:133,0
DA:134,0
DA:135,0
DA:136,0
DA:137,0
DA:138,0
DA:139,0
DA:140,0
DA:141,0
DA:142,0
DA:143,0
DA:145,0
DA:146,0
DA:147,0
DA:148,0
DA:149,0
DA:150,0
DA:151,0
DA:152,0
DA:153,0
DA:154,0
DA:155,0
DA:156,0
DA:157,0
DA:158,0
LF:148
LH:0
BRDA:1,0,0,0
BRF:1
BRH:0
end_of_record
TN:
SF:src/infrastructure/stores/countries.ts
FN:1,(empty-report)
FNF:1
FNH:0
FNDA:0,(empty-report)
DA:1,0
DA:2,0
DA:4,0
DA:5,0
DA:8,0
DA:10,0
DA:11,0
DA:12,0
DA:13,0
DA:14,0
DA:15,0
DA:16,0
DA:17,0
DA:18,0
DA:19,0
DA:20,0
DA:21,0
LF:17
LH:0
BRDA:1,0,0,0
BRF:1
BRH:0
end_of_record
TN:
SF:src/infrastructure/stores/dynamicDialogs.ts
FNF:0
FNH:0
DA:1,1
DA:3,1
DA:5,1
DA:6,0
DA:8,0
DA:9,0
DA:10,0
DA:12,0
DA:13,0
DA:14,0
DA:15,0
DA:17,0
DA:18,0
DA:19,0
DA:20,0
DA:22,0
DA:23,0
DA:24,0
DA:25,0
DA:26,0
DA:27,0
DA:28,0
LF:22
LH:3
BRF:0
BRH:0
end_of_record
TN:
SF:src/infrastructure/stores/instance.ts
FN:14,fetchInstance
FNF:1
FNH:0
FNDA:0,fetchInstance
DA:1,1
DA:2,1
DA:4,1
DA:5,1
DA:8,1
DA:9,1
DA:11,1
DA:12,3
DA:14,3
DA:15,0
DA:16,0
DA:18,3
DA:19,3
DA:20,3
DA:21,3
DA:22,3
LF:16
LH:14
BRDA:11,0,0,3
BRF:1
BRH:1
end_of_record
TN:
SF:src/infrastructure/stores/notifications.ts
FNF:0
FNH:0
DA:1,1
DA:2,1
DA:10,1
DA:11,0
DA:12,0
DA:13,0
DA:14,0
DA:16,0
DA:17,0
DA:18,0
DA:20,0
DA:21,0
LF:12
LH:3
BRF:0
BRH:0
end_of_record
TN:
SF:src/infrastructure/stores/pmsProperties.ts
FN:17,fetchPmsProperties
FN:21,setCurrentPmsPropertyId
FN:26,fetchPmsPropertyLink
FNF:3
FNH:0
FNDA:0,fetchPmsProperties
FNDA:0,setCurrentPmsPropertyId
FNDA:0,fetchPmsPropertyLink
DA:1,1
DA:2,1
DA:4,1
DA:6,1
DA:9,1
DA:10,1
DA:12,1
DA:13,66
DA:14,66
DA:15,66
DA:17,66
DA:18,0
DA:19,0
DA:21,66
DA:22,0
DA:23,0
DA:24,0
DA:26,66
DA:27,0
DA:28,0
DA:30,66
DA:31,66
DA:32,66
DA:33,66
DA:34,66
DA:35,66
DA:36,66
DA:37,66
DA:38,66
LF:29
LH:22
BRDA:12,0,0,66
BRF:1
BRH:1
end_of_record
TN:
SF:src/infrastructure/stores/textMessages.ts
FNF:0
FNH:0
DA:1,1
DA:2,1
DA:10,1
DA:11,0
DA:12,0
DA:13,0
DA:14,0
DA:16,0
DA:17,0
DA:18,0
DA:20,0
DA:21,0
LF:12
LH:3
BRF:0
BRH:0
end_of_record
TN:
SF:src/infrastructure/stores/ui.ts
FN:5,state
FN:10,startLoading
FN:13,stopLoading
FN:16,refreshView
FNF:4
FNH:1
FNDA:76,state
FNDA:0,startLoading
FNDA:0,stopLoading
FNDA:0,refreshView
DA:2,1
DA:4,1
DA:5,1
DA:6,76
DA:7,76
DA:8,76
DA:9,1
DA:10,1
DA:11,0
DA:12,0
DA:13,1
DA:14,0
DA:15,0
DA:16,1
DA:17,0
DA:18,0
DA:19,1
DA:20,1
LF:18
LH:12
BRDA:5,0,0,76
BRF:1
BRH:1
end_of_record
TN:
SF:src/infrastructure/stores/user.ts
FN:15,hydrateFromCookies
FN:25,login
FN:43,requestChangePassword
FN:47,resetPassword
FN:51,changePassword
FN:55,refreshToken
FN:59,updateUser
FN:67,logout
FNF:8
FNH:0
FNDA:0,hydrateFromCookies
FNDA:0,login
FNDA:0,requestChangePassword
FNDA:0,resetPassword
FNDA:0,changePassword
FNDA:0,refreshToken
FNDA:0,updateUser
FNDA:0,logout
DA:1,1
DA:2,1
DA:4,1
DA:6,1
DA:7,1
DA:9,1
DA:10,1
DA:12,1
DA:13,12
DA:15,12
DA:16,0
DA:17,0
DA:18,0
DA:19,0
DA:20,0
DA:21,0
DA:22,0
DA:23,0
DA:25,12
DA:26,0
DA:27,0
DA:28,0
DA:29,0
DA:30,0
DA:31,0
DA:32,0
DA:33,0
DA:34,0
DA:35,0
DA:36,0
DA:37,0
DA:38,0
DA:39,0
DA:40,0
DA:41,0
DA:43,12
DA:44,0
DA:45,0
DA:47,12
DA:48,0
DA:49,0
DA:51,12
DA:52,0
DA:53,0
DA:55,12
DA:56,0
DA:57,0
DA:59,12
DA:60,0
DA:61,0
DA:62,0
DA:63,0
DA:64,0
DA:65,0
DA:67,12
DA:68,0
DA:69,0
DA:70,0
DA:72,12
DA:73,12
DA:74,12
DA:75,12
DA:76,12
DA:77,12
DA:78,12
DA:79,12
DA:80,12
DA:81,12
DA:82,12
DA:83,12
LF:70
LH:29
BRDA:12,0,0,12
BRF:1
BRH:1
end_of_record
TN:
SF:src/ui/lucide-icons.ts
FNF:0
FNH:0
DA:1,1
DA:21,1
DA:23,1
DA:24,1
DA:27,1
DA:28,1
DA:29,1
DA:30,1
DA:33,1
DA:34,1
DA:35,1
DA:36,1
DA:37,1
DA:38,1
DA:39,1
DA:40,1
DA:41,1
DA:42,1
DA:43,1
DA:44,1
LF:20
LH:20
BRF:0
BRH:0
end_of_record
TN:
SF:src/ui/components/contacts/ContactDetail.vue
FN:1,(empty-report)
FNF:1
FNH:0
FNDA:0,(empty-report)
DA:1,0
LF:1
LH:0
BRDA:1,0,0,0
BRF:1
BRH:0
end_of_record
TN:
SF:src/ui/components/sidebar/Sidebar.vue
FN:295,command
FN:309,command
FN:331,isActive
FN:339,collapseSidebar
FN:349,checkPathAndExpandContacts
FN:364,openLink
FN:376,toggleMenu
FN:379,hideUserMenu
FN:385,openLegacyReport
FN:7,onMouseenter._cache.<computed>._cache.<computed>
FN:8,onClick._cache.<computed>._cache.<computed>
FN:39,onClick._cache.<computed>._cache.<computed>
FN:123,onClick._cache.<computed>._cache.<computed>
FN:134,onClick._cache.<computed>._cache.<computed>
FN:140,onClick._cache.<computed>._cache.<computed>
FN:146,onClick._cache.<computed>._cache.<computed>
FN:152,onClick._cache.<computed>._cache.<computed>
FN:158,onClick._cache.<computed>._cache.<computed>
FN:164,onClick._cache.<computed>._cache.<computed>
FN:177,$setup.pmsPropertiesLinks.length.onClick._cache.<computed>._cache.<computed>
FN:186,$setup.pmsPropertiesLinks.length.onClick._cache.<computed>._cache.<computed>
FN:212,$setup.pmsPropertySupportLink.onClick._cache.<computed>._cache.<computed>
FNF:22
FNH:11
FNDA:0,command
FNDA:1,command
FNDA:108,isActive
FNDA:0,collapseSidebar
FNDA:3,checkPathAndExpandContacts
FNDA:0,openLink
FNDA:3,toggleMenu
FNDA:5,hideUserMenu
FNDA:1,openLegacyReport
FNDA:3,onMouseenter._cache.<computed>._cache.<computed>
FNDA:5,onClick._cache.<computed>._cache.<computed>
FNDA:2,onClick._cache.<computed>._cache.<computed>
FNDA:1,onClick._cache.<computed>._cache.<computed>
FNDA:0,onClick._cache.<computed>._cache.<computed>
FNDA:1,onClick._cache.<computed>._cache.<computed>
FNDA:0,onClick._cache.<computed>._cache.<computed>
FNDA:0,onClick._cache.<computed>._cache.<computed>
FNDA:0,onClick._cache.<computed>._cache.<computed>
FNDA:0,onClick._cache.<computed>._cache.<computed>
FNDA:0,$setup.pmsPropertiesLinks.length.onClick._cache.<computed>._cache.<computed>
FNDA:0,$setup.pmsPropertiesLinks.length.onClick._cache.<computed>._cache.<computed>
FNDA:0,$setup.pmsPropertySupportLink.onClick._cache.<computed>._cache.<computed>
DA:2,1
DA:3,1
DA:4,1
DA:5,1
DA:6,1
DA:7,1
DA:8,1
DA:10,1
DA:11,1
DA:12,1
DA:13,1
DA:15,1
DA:16,1
DA:17,1
DA:18,1
DA:19,1
DA:20,1
DA:22,1
DA:23,1
DA:24,1
DA:26,1
DA:27,1
DA:28,1
DA:29,1
DA:31,1
DA:32,1
DA:33,1
DA:35,1
DA:36,1
DA:37,1
DA:38,1
DA:39,1
DA:41,1
DA:42,1
DA:43,1
DA:44,1
DA:45,1
DA:46,1
DA:47,1
DA:49,1
DA:50,1
DA:51,1
DA:52,1
DA:53,1
DA:54,1
DA:56,1
DA:57,1
DA:58,1
DA:59,1
DA:60,1
DA:61,1
DA:62,1
DA:63,1
DA:64,1
DA:66,1
DA:67,1
DA:68,1
DA:69,1
DA:70,1
DA:71,1
DA:72,1
DA:73,1
DA:74,1
DA:76,1
DA:77,1
DA:78,1
DA:79,1
DA:80,1
DA:81,1
DA:82,1
DA:83,1
DA:84,1
DA:86,1
DA:87,1
DA:88,1
DA:89,1
DA:90,1
DA:91,1
DA:92,1
DA:93,1
DA:94,1
DA:96,1
DA:97,1
DA:98,1
DA:99,1
DA:100,1
DA:102,1
DA:103,1
DA:104,1
DA:105,1
DA:107,1
DA:108,1
DA:109,1
DA:111,1
DA:112,1
DA:113,1
DA:114,1
DA:116,1
DA:117,1
DA:118,1
DA:120,1
DA:121,1
DA:122,1
DA:123,1
DA:125,1
DA:126,1
DA:127,1
DA:128,1
DA:129,1
DA:130,1
DA:131,1
DA:133,1
DA:134,1
DA:135,1
DA:136,1
DA:137,1
DA:138,1
DA:139,1
DA:140,1
DA:141,1
DA:142,1
DA:143,1
DA:144,1
DA:145,1
DA:146,1
DA:147,1
DA:148,1
DA:149,1
DA:150,1
DA:151,1
DA:152,1
DA:153,1
DA:154,1
DA:155,1
DA:156,1
DA:157,1
DA:158,1
DA:159,1
DA:160,1
DA:161,1
DA:162,1
DA:163,1
DA:164,1
DA:165,1
DA:166,1
DA:167,1
DA:168,1
DA:169,1
DA:170,1
DA:172,1
DA:173,1
DA:174,1
DA:175,0
DA:176,0
DA:177,0
DA:179,0
DA:180,0
DA:181,0
DA:183,1
DA:184,1
DA:185,1
DA:186,1
DA:188,1
DA:189,1
DA:190,1
DA:191,1
DA:192,1
DA:193,1
DA:194,1
DA:196,1
DA:197,1
DA:198,1
DA:199,1
DA:200,1
DA:201,1
DA:202,1
DA:203,1
DA:204,1
DA:205,1
DA:207,1
DA:208,1
DA:209,1
DA:210,1
DA:211,1
DA:212,1
DA:214,1
DA:215,1
DA:216,1
DA:218,1
DA:219,1
DA:220,1
DA:221,1
DA:222,1
DA:224,1
DA:225,1
DA:226,1
DA:227,1
DA:228,1
DA:229,1
DA:230,1
DA:231,1
DA:232,1
DA:233,1
DA:234,1
DA:235,1
DA:236,1
DA:237,1
DA:238,1
DA:239,1
DA:240,1
DA:241,1
DA:242,1
DA:243,1
DA:244,1
DA:245,1
DA:246,1
DA:250,1
DA:251,1
DA:252,1
DA:253,1
DA:254,1
DA:256,1
DA:257,1
DA:258,1
DA:259,1
DA:260,1
DA:261,1
DA:262,1
DA:270,1
DA:271,1
DA:272,1
DA:273,1
DA:274,1
DA:275,1
DA:276,1
DA:278,1
DA:280,1
DA:281,1
DA:282,1
DA:283,1
DA:285,1
DA:286,1
DA:288,1
DA:289,9
DA:290,9
DA:291,9
DA:292,9
DA:293,9
DA:294,9
DA:295,9
DA:296,0
DA:297,0
DA:298,0
DA:299,0
DA:300,0
DA:301,0
DA:302,0
DA:303,0
DA:304,0
DA:305,9
DA:306,9
DA:307,9
DA:308,9
DA:309,9
DA:310,1
DA:312,1
DA:313,1
DA:314,1
DA:315,9
DA:316,9
DA:317,9
DA:318,1
DA:320,1
DA:321,1
DA:322,9
DA:323,1
DA:324,1
DA:325,9
DA:326,1
DA:327,1
DA:328,9
DA:329,1
DA:331,1
DA:333,1
DA:334,18
DA:335,86
DA:336,18
DA:337,1
DA:339,1
DA:340,0
DA:341,0
DA:342,0
DA:343,0
DA:344,0
DA:345,0
DA:346,0
DA:347,0
DA:349,1
DA:350,3
DA:351,3
DA:352,2
DA:353,2
DA:354,2
DA:355,2
DA:356,3
DA:357,1
DA:358,1
DA:359,3
DA:360,3
DA:361,3
DA:362,3
DA:364,1
DA:365,0
DA:366,0
DA:367,0
DA:368,0
DA:369,0
DA:370,0
DA:371,0
DA:372,0
DA:373,0
DA:374,0
DA:376,1
DA:377,3
DA:378,3
DA:379,1
DA:380,5
DA:381,1
DA:382,1
DA:383,5
DA:385,1
DA:386,1
DA:387,1
DA:388,1
DA:389,1
DA:390,1
DA:391,1
DA:392,1
DA:393,1
DA:395,1
DA:396,1
DA:397,1
DA:398,1
DA:399,1
LF:344
LH:311
BRDA:288,0,0,9
BRDA:309,1,0,1
BRDA:320,2,0,9
BRDA:321,3,0,9
BRDA:322,4,0,9
BRDA:324,5,0,9
BRDA:327,6,0,9
BRDA:331,7,0,108
BRDA:333,8,0,18
BRDA:334,9,0,86
BRDA:349,10,0,3
BRDA:351,11,0,2
BRDA:352,12,0,2
BRDA:353,13,0,2
BRDA:354,14,0,2
BRDA:356,15,0,1
BRDA:376,16,0,3
BRDA:379,17,0,5
BRDA:380,18,0,1
BRDA:385,19,0,1
BRDA:7,20,0,9
BRDA:8,21,0,9
BRDA:33,22,0,0
BRDA:39,23,0,9
BRDA:41,24,0,9
BRDA:54,25,0,0
BRDA:64,26,0,0
BRDA:74,27,0,0
BRDA:84,28,0,0
BRDA:94,29,0,0
BRDA:109,30,0,0
BRDA:118,31,0,0
BRDA:123,32,0,9
BRDA:125,33,0,9
BRDA:134,34,0,9
BRDA:140,35,0,9
BRDA:146,36,0,9
BRDA:152,37,0,9
BRDA:158,38,0,9
BRDA:164,39,0,9
BRDA:174,40,0,0
BRDA:224,41,0,9
BRDA:7,42,0,3
BRDA:8,43,0,5
BRDA:22,44,0,27
BRDA:31,45,0,27
BRDA:39,46,0,2
BRDA:56,47,0,27
BRDA:66,48,0,27
BRDA:76,49,0,27
BRDA:86,50,0,27
BRDA:96,51,0,27
BRDA:107,52,0,27
BRDA:116,53,0,27
BRDA:123,54,0,1
BRDA:140,55,0,1
BRF:56
BRH:47
end_of_record
TN:
SF:src/ui/components/user/UserSettings.vue
FN:247,handleUpdateUser
FN:267,handleCancel
FN:271,handleChangePassword
FN:292,getSafeString
FN:296,initializeUserFields
FN:41,onUpdate:modelValue._cache.<computed>._cache.<computed>
FN:48,onUpdate:modelValue._cache.<computed>._cache.<computed>
FN:57,onUpdate:modelValue._cache.<computed>._cache.<computed>
FN:68,onUpdate:modelValue._cache.<computed>._cache.<computed>
FN:75,onUpdate:modelValue._cache.<computed>._cache.<computed>
FN:87,$setup.availableLocales.$setup.availableLocales.length.onUpdate:modelValue._cache.<computed>._cache.<computed>
FN:102,onClick._cache.<computed>._cache.<computed>
FN:107,onClick._cache.<computed>._cache.<computed>
FN:115,onUpdate:modelValue._cache.<computed>._cache.<computed>
FN:123,onUpdate:modelValue._cache.<computed>._cache.<computed>
FN:140,onUpdate:modelValue._cache.<computed>._cache.<computed>
FN:157,onUpdate:modelValue._cache.<computed>._cache.<computed>
FN:179,onClick._cache.<computed>._cache.<computed>
FN:184,onClick._cache.<computed>._cache.<computed>
FNF:19
FNH:13
FNDA:2,handleUpdateUser
FNDA:1,handleCancel
FNDA:4,handleChangePassword
FNDA:45,getSafeString
FNDA:9,initializeUserFields
FNDA:5,onUpdate:modelValue._cache.<computed>._cache.<computed>
FNDA:0,onUpdate:modelValue._cache.<computed>._cache.<computed>
FNDA:0,onUpdate:modelValue._cache.<computed>._cache.<computed>
FNDA:8,onUpdate:modelValue._cache.<computed>._cache.<computed>
FNDA:0,onUpdate:modelValue._cache.<computed>._cache.<computed>
FNDA:0,$setup.availableLocales.$setup.availableLocales.length.onUpdate:modelValue._cache.<computed>._cache.<computed>
FNDA:1,onClick._cache.<computed>._cache.<computed>
FNDA:2,onClick._cache.<computed>._cache.<computed>
FNDA:0,onUpdate:modelValue._cache.<computed>._cache.<computed>
FNDA:20,onUpdate:modelValue._cache.<computed>._cache.<computed>
FNDA:21,onUpdate:modelValue._cache.<computed>._cache.<computed>
FNDA:21,onUpdate:modelValue._cache.<computed>._cache.<computed>
FNDA:0,onClick._cache.<computed>._cache.<computed>
FNDA:4,onClick._cache.<computed>._cache.<computed>
DA:2,1
DA:3,1
DA:4,1
DA:5,1
DA:6,1
DA:7,14
DA:8,1
DA:9,1
DA:10,1
DA:11,14
DA:12,1
DA:13,1
DA:14,1
DA:15,1
DA:16,1
DA:17,1
DA:18,1
DA:19,1
DA:20,1
DA:21,1
DA:22,1
DA:23,1
DA:24,1
DA:25,1
DA:26,1
DA:27,1
DA:28,1
DA:29,1
DA:30,1
DA:31,1
DA:32,1
DA:33,1
DA:34,1
DA:36,1
DA:37,1
DA:38,1
DA:39,1
DA:40,1
DA:41,1
DA:42,1
DA:44,1
DA:45,1
DA:46,1
DA:47,1
DA:48,1
DA:49,1
DA:51,1
DA:52,1
DA:53,1
DA:54,1
DA:55,1
DA:56,1
DA:57,1
DA:58,1
DA:59,1
DA:60,1
DA:61,1
DA:63,1
DA:64,1
DA:65,1
DA:66,1
DA:67,1
DA:68,1
DA:69,1
DA:71,1
DA:72,1
DA:73,1
DA:74,1
DA:75,1
DA:76,1
DA:78,1
DA:79,1
DA:80,1
DA:82,1
DA:83,1
DA:84,1
DA:85,1
DA:86,1
DA:87,1
DA:88,1
DA:89,1
DA:90,1
DA:91,1
DA:92,1
DA:93,1
DA:94,1
DA:95,1
DA:97,1
DA:98,1
DA:99,1
DA:100,1
DA:101,1
DA:102,1
DA:103,1
DA:104,1
DA:105,1
DA:106,1
DA:107,1
DA:108,1
DA:109,1
DA:110,1
DA:112,1
DA:113,1
DA:114,1
DA:115,1
DA:116,1
DA:117,1
DA:118,1
DA:119,1
DA:120,1
DA:121,1
DA:122,1
DA:123,1
DA:124,1
DA:125,1
DA:126,1
DA:127,1
DA:128,1
DA:129,1
DA:130,1
DA:131,1
DA:132,1
DA:133,1
DA:134,1
DA:135,1
DA:136,1
DA:137,1
DA:138,1
DA:139,1
DA:140,1
DA:141,1
DA:142,1
DA:143,1
DA:144,1
DA:145,1
DA:146,1
DA:147,1
DA:148,1
DA:149,1
DA:150,1
DA:151,1
DA:152,1
DA:153,1
DA:154,1
DA:155,1
DA:156,1
DA:157,1
DA:158,1
DA:159,1
DA:160,1
DA:161,1
DA:162,1
DA:163,1
DA:164,1
DA:165,1
DA:166,1
DA:167,1
DA:168,1
DA:169,1
DA:170,1
DA:172,1
DA:173,1
DA:174,1
DA:175,1
DA:176,1
DA:177,1
DA:178,1
DA:179,1
DA:180,1
DA:181,1
DA:182,1
DA:183,1
DA:184,1
DA:185,1
DA:186,1
DA:187,1
DA:188,1
DA:189,1
DA:190,1
DA:191,1
DA:192,1
DA:193,1
DA:194,1
DA:198,1
DA:199,1
DA:200,1
DA:201,1
DA:202,1
DA:203,1
DA:204,1
DA:205,1
DA:206,1
DA:207,1
DA:208,1
DA:209,1
DA:210,1
DA:211,1
DA:212,1
DA:215,1
DA:216,1
DA:217,1
DA:218,1
DA:219,1
DA:220,1
DA:221,1
DA:224,1
DA:226,1
DA:227,1
DA:228,1
DA:229,1
DA:231,1
DA:233,1
DA:234,1
DA:235,1
DA:236,1
DA:237,1
DA:238,1
DA:239,1
DA:240,1
DA:242,1
DA:243,1
DA:244,1
DA:245,1
DA:247,1
DA:248,2
DA:249,0
DA:250,0
DA:251,2
DA:252,2
DA:253,2
DA:254,2
DA:255,2
DA:256,2
DA:257,2
DA:258,1
DA:259,2
DA:260,2
DA:261,1
DA:262,2
DA:263,2
DA:264,2
DA:265,2
DA:267,1
DA:268,1
DA:269,1
DA:271,1
DA:272,4
DA:273,1
DA:274,1
DA:275,1
DA:276,3
DA:277,3
DA:278,3
DA:279,1
DA:280,4
DA:281,4
DA:282,2
DA:283,1
DA:284,1
DA:285,1
DA:286,1
DA:287,4
DA:288,3
DA:289,3
DA:290,4
DA:292,45
DA:293,45
DA:294,45
DA:296,9
DA:297,9
DA:298,9
DA:299,9
DA:300,9
DA:301,9
DA:303,9
DA:304,9
DA:305,9
DA:306,0
DA:307,0
DA:308,9
DA:310,1
DA:311,9
DA:312,1
LF:283
LH:279
BRDA:240,0,0,9
BRDA:240,1,0,0
BRDA:247,2,0,2
BRDA:257,3,0,1
BRDA:260,4,0,1
BRDA:267,5,0,1
BRDA:271,6,0,4
BRDA:272,7,0,1
BRDA:275,8,0,3
BRDA:278,9,0,1
BRDA:281,10,0,2
BRDA:282,11,0,1
BRDA:287,12,0,3
BRDA:292,13,0,45
BRDA:293,14,0,0
BRDA:296,15,0,9
BRDA:305,16,0,0
BRDA:310,17,0,9
BRDA:6,18,0,14
BRDA:10,19,0,14
BRDA:41,20,0,9
BRDA:48,21,0,9
BRDA:57,22,0,9
BRDA:68,23,0,9
BRDA:75,24,0,9
BRDA:87,25,0,9
BRDA:102,26,0,9
BRDA:107,27,0,9
BRDA:41,28,0,5
BRDA:68,29,0,8
BRDA:102,30,0,1
BRDA:107,31,0,2
BRDA:115,32,0,9
BRDA:170,33,0,3
BRDA:170,34,0,90
BRDA:179,35,0,9
BRDA:184,36,0,9
BRDA:185,37,0,65
BRDA:185,38,0,45
BRDA:123,39,0,9
BRDA:123,40,0,20
BRDA:140,41,0,9
BRDA:140,42,0,21
BRDA:157,43,0,9
BRDA:157,44,0,21
BRDA:172,45,0,93
BRDA:184,46,0,4
BRF:47
BRH:44
end_of_record
TN:
SF:src/ui/composables/useAppDialog.ts
FN:1,(empty-report)
FNF:1
FNH:1
FNDA:1,(empty-report)
DA:2,0
DA:3,0
DA:4,0
DA:6,0
DA:7,0
DA:8,0
DA:9,0
DA:10,0
DA:11,0
DA:12,0
DA:13,0
DA:14,0
DA:15,0
DA:16,0
DA:17,0
DA:18,0
DA:19,0
DA:20,0
DA:21,0
DA:22,0
DA:23,0
DA:24,0
DA:25,0
DA:26,0
DA:28,0
DA:29,0
DA:30,0
DA:32,0
DA:33,0
DA:34,0
DA:37,0
DA:39,0
DA:40,0
DA:41,0
DA:42,0
DA:43,0
DA:44,0
DA:45,0
DA:46,0
DA:47,0
DA:48,0
DA:49,0
DA:50,0
DA:51,0
DA:53,0
DA:54,0
DA:55,0
DA:56,0
DA:58,0
DA:59,0
LF:50
LH:0
BRDA:1,0,0,1
BRF:1
BRH:1
end_of_record
TN:
SF:src/ui/composables/useTranslatedValidationError.ts
FN:1,(empty-report)
FNF:1
FNH:0
FNDA:0,(empty-report)
DA:1,0
DA:7,0
DA:8,0
DA:10,0
DA:11,0
DA:12,0
DA:13,0
DA:15,0
DA:16,0
DA:17,0
DA:19,0
DA:21,0
DA:22,0
DA:23,0
DA:25,0
DA:26,0
DA:27,0
DA:29,0
DA:30,0
LF:19
LH:0
BRDA:1,0,0,0
BRF:1
BRH:0
end_of_record
TN:
SF:src/ui/layouts/InstanceLayout.vue
FN:13,$setup.availableLocales.length.onUpdate:modelValue._cache.<computed>._cache.<computed>
FNF:1
FNH:0
FNDA:0,$setup.availableLocales.length.onUpdate:modelValue._cache.<computed>._cache.<computed>
DA:2,1
DA:3,1
DA:4,1
DA:5,1
DA:6,1
DA:7,1
DA:8,1
DA:9,1
DA:10,1
DA:11,1
DA:12,5
DA:13,5
DA:14,5
DA:15,5
DA:16,5
DA:17,5
DA:18,1
DA:19,1
DA:22,1
DA:23,1
DA:24,1
DA:26,1
DA:27,1
DA:28,1
DA:29,1
DA:30,1
DA:32,1
DA:33,1
DA:34,1
DA:36,1
DA:37,1
DA:39,1
DA:40,3
DA:41,3
DA:42,3
DA:43,3
DA:44,3
DA:45,1
DA:46,1
DA:47,1
DA:49,1
DA:51,1
DA:52,3
DA:54,3
DA:56,3
DA:57,3
DA:58,1
DA:60,1
DA:61,3
DA:62,3
DA:63,3
DA:64,3
DA:65,2
DA:66,3
DA:67,1
DA:68,3
DA:69,3
DA:70,3
DA:71,1
LF:59
LH:59
BRDA:39,0,0,3
BRDA:41,1,0,2
BRDA:44,2,0,1
BRDA:45,3,0,0
BRDA:41,4,0,3
BRDA:51,5,0,3
BRDA:60,6,0,3
BRDA:64,7,0,2
BRDA:66,8,0,1
BRDA:5,9,0,0
BRDA:11,10,0,5
BRDA:13,11,0,2
BRDA:17,12,0,2
BRF:13
BRH:11
end_of_record
TN:
SF:src/ui/layouts/MainLayout.vue
FN:1,(empty-report)
FNF:1
FNH:1
FNDA:1,(empty-report)
DA:2,0
DA:3,0
DA:4,0
DA:5,0
DA:6,0
DA:7,0
DA:8,0
DA:9,0
DA:10,0
DA:11,0
DA:13,0
DA:14,0
DA:16,0
DA:17,0
DA:19,0
DA:20,0
DA:21,0
DA:22,0
DA:24,0
DA:25,0
DA:26,0
DA:27,0
DA:28,0
DA:32,0
DA:33,0
DA:34,0
DA:36,0
DA:37,0
DA:38,0
DA:39,0
DA:40,0
DA:41,0
DA:42,0
DA:44,0
DA:45,0
DA:46,0
DA:47,0
DA:48,0
DA:50,0
DA:51,0
DA:53,0
DA:55,0
DA:56,0
DA:57,0
DA:58,0
DA:59,0
DA:60,0
DA:61,0
DA:62,0
DA:63,0
DA:65,0
DA:66,0
DA:67,0
DA:68,0
DA:69,0
DA:70,0
DA:71,0
DA:72,0
DA:73,0
DA:74,0
DA:75,0
DA:76,0
DA:77,0
DA:78,0
DA:79,0
LF:65
LH:0
BRDA:1,0,0,1
BRF:1
BRH:1
end_of_record
TN:
SF:src/ui/pages/AgenciesPage.vue
FN:265,isNonEmptyString
FN:279,setup
FN:352,setCountFromStore
FN:356,fetchNow
FN:375,debouncedFetchNow.maxWait
FN:377,handlePageChange
FN:385,handleFilterChange
FN:393,handleSortChange
FN:402,clearAll
FN:419,openContactDetail
FN:443,openNewContact
FN:468,onClearPhoneFilter
FN:479,onApplyPhoneFilter
FN:492,onGlobalQueryInput
FN:9,onClick._cache.<computed>._cache.<computed>
FN:12,onUpdate:first._cache.<computed>._cache.<computed>
FN:20,rowStyle
FN:23,onUpdate:filters._cache.<computed>._cache.<computed>
FN:33,onRowClick._cache.<computed>._cache.<computed>
FN:43,onUpdate:modelValue._cache.<computed>._cache.<computed>
FN:63,onClick._cache.<computed>._cache.<computed>
FN:91,onUpdate:modelValue
FN:116,onUpdate:modelValue
FN:150,onUpdate:modelValue._cache.<computed>._cache.<computed>
FN:163,onClick
FN:169,onClick
FN:200,onUpdate:modelValue
FNF:27
FNH:21
FNDA:320,isNonEmptyString
FNDA:13,setup
FNDA:42,setCountFromStore
FNDA:42,fetchNow
FNDA:4,debouncedFetchNow.maxWait
FNDA:0,handlePageChange
FNDA:16,handleFilterChange
FNDA:8,handleSortChange
FNDA:1,clearAll
FNDA:0,openContactDetail
FNDA:0,openNewContact
FNDA:1,onClearPhoneFilter
FNDA:2,onApplyPhoneFilter
FNDA:24,onGlobalQueryInput
FNDA:0,onClick._cache.<computed>._cache.<computed>
FNDA:24,onUpdate:first._cache.<computed>._cache.<computed>
FNDA:26,rowStyle
FNDA:16,onUpdate:filters._cache.<computed>._cache.<computed>
FNDA:0,onRowClick._cache.<computed>._cache.<computed>
FNDA:24,onUpdate:modelValue._cache.<computed>._cache.<computed>
FNDA:0,onClick._cache.<computed>._cache.<computed>
FNDA:12,onUpdate:modelValue
FNDA:34,onUpdate:modelValue
FNDA:6,onUpdate:modelValue._cache.<computed>._cache.<computed>
FNDA:1,onClick
FNDA:2,onClick
FNDA:4,onUpdate:modelValue
DA:2,1
DA:3,1
DA:4,1
DA:5,1
DA:6,1
DA:7,1
DA:8,1
DA:9,1
DA:10,1
DA:11,1
DA:12,1
DA:13,1
DA:14,1
DA:15,1
DA:16,1
DA:17,1
DA:18,1
DA:19,1
DA:20,1
DA:21,1
DA:22,1
DA:23,1
DA:24,1
DA:25,1
DA:26,1
DA:27,1
DA:28,1
DA:29,1
DA:30,1
DA:31,1
DA:32,1
DA:33,1
DA:35,1
DA:36,1
DA:37,52
DA:38,52
DA:39,52
DA:40,52
DA:41,52
DA:42,52
DA:43,52
DA:44,52
DA:45,52
DA:46,52
DA:47,52
DA:48,52
DA:49,52
DA:50,52
DA:51,21
DA:52,21
DA:53,21
DA:54,21
DA:55,21
DA:56,21
DA:57,52
DA:58,52
DA:59,52
DA:60,52
DA:61,52
DA:62,52
DA:63,52
DA:64,52
DA:65,52
DA:66,52
DA:67,52
DA:68,52
DA:69,1
DA:73,1
DA:74,1
DA:75,1
DA:76,1
DA:77,1
DA:78,1
DA:79,1
DA:80,1
DA:81,1
DA:82,1
DA:83,1
DA:85,1
DA:86,1
DA:89,1
DA:90,1
DA:91,1
DA:92,1
DA:93,1
DA:94,1
DA:96,1
DA:99,1
DA:100,1
DA:101,1
DA:102,1
DA:103,1
DA:104,1
DA:105,1
DA:106,1
DA:107,1
DA:108,1
DA:110,1
DA:111,1
DA:114,1
DA:115,1
DA:116,1
DA:117,1
DA:118,1
DA:119,1
DA:121,1
DA:124,1
DA:125,1
DA:126,1
DA:127,1
DA:128,1
DA:129,1
DA:130,1
DA:131,1
DA:132,1
DA:133,1
DA:134,1
DA:136,1
DA:137,1
DA:138,1
DA:139,1
DA:140,1
DA:141,1
DA:142,1
DA:143,1
DA:144,1
DA:147,1
DA:148,1
DA:149,1
DA:150,1
DA:151,1
DA:152,1
DA:153,1
DA:154,1
DA:155,1
DA:156,6
DA:157,1
DA:158,1
DA:159,1
DA:160,1
DA:161,1
DA:162,1
DA:163,1
DA:164,1
DA:165,1
DA:166,1
DA:167,1
DA:168,1
DA:169,1
DA:170,1
DA:171,1
DA:172,1
DA:174,1
DA:177,1
DA:178,1
DA:179,1
DA:180,1
DA:181,1
DA:182,1
DA:183,1
DA:184,1
DA:185,1
DA:186,1
DA:187,1
DA:189,1
DA:190,1
DA:191,1
DA:192,1
DA:193,1
DA:194,1
DA:195,1
DA:198,1
DA:199,1
DA:200,1
DA:201,1
DA:202,1
DA:203,1
DA:204,1
DA:205,1
DA:206,1
DA:207,1
DA:208,1
DA:209,1
DA:210,1
DA:211,1
DA:212,1
DA:218,1
DA:219,1
DA:220,1
DA:221,1
DA:222,1
DA:223,1
DA:224,1
DA:225,1
DA:226,1
DA:227,1
DA:229,1
DA:231,1
DA:232,1
DA:233,1
DA:237,1
DA:238,1
DA:239,1
DA:240,1
DA:245,1
DA:246,1
DA:247,1
DA:248,1
DA:249,1
DA:250,1
DA:251,1
DA:252,1
DA:253,1
DA:255,1
DA:256,1
DA:257,1
DA:258,1
DA:259,1
DA:260,0
DA:262,1
DA:265,1
DA:267,1
DA:268,1
DA:269,1
DA:270,1
DA:271,1
DA:272,1
DA:273,1
DA:274,1
DA:275,1
DA:276,1
DA:277,1
DA:278,1
DA:279,1
DA:280,13
DA:281,13
DA:282,13
DA:283,13
DA:284,13
DA:285,13
DA:287,13
DA:288,13
DA:289,13
DA:290,13
DA:291,13
DA:292,13
DA:294,13
DA:295,13
DA:296,13
DA:297,13
DA:298,13
DA:299,13
DA:300,13
DA:301,13
DA:303,13
DA:304,22
DA:305,8
DA:306,8
DA:307,8
DA:308,8
DA:309,14
DA:310,13
DA:312,13
DA:313,18
DA:314,13
DA:316,13
DA:317,13
DA:318,13
DA:319,13
DA:320,13
DA:321,13
DA:323,13
DA:325,13
DA:326,54
DA:328,54
DA:329,54
DA:330,26
DA:331,25
DA:332,24
DA:333,23
DA:335,54
DA:336,54
DA:337,51
DA:339,54
DA:340,13
DA:342,13
DA:343,3
DA:344,6
DA:345,6
DA:346,3
DA:347,13
DA:349,13
DA:350,13
DA:351,13
DA:352,13
DA:353,42
DA:354,42
DA:356,13
DA:357,42
DA:358,42
DA:359,42
DA:360,42
DA:361,42
DA:362,42
DA:363,42
DA:364,42
DA:365,42
DA:366,42
DA:367,42
DA:368,42
DA:369,42
DA:370,42
DA:371,42
DA:372,42
DA:373,42
DA:375,13
DA:377,13
DA:378,0
DA:379,0
DA:380,0
DA:381,0
DA:382,0
DA:383,0
DA:385,13
DA:386,16
DA:387,16
DA:388,16
DA:389,16
DA:390,16
DA:391,16
DA:393,13
DA:394,8
DA:395,8
DA:396,8
DA:397,8
DA:398,8
DA:399,8
DA:400,8
DA:402,13
DA:403,1
DA:404,1
DA:405,1
DA:406,1
DA:407,1
DA:409,1
DA:410,1
DA:411,1
DA:412,1
DA:413,1
DA:414,1
DA:416,1
DA:417,1
DA:419,13
DA:420,0
DA:421,0
DA:422,0
DA:423,0
DA:424,0
DA:425,0
DA:426,0
DA:427,0
DA:428,0
DA:429,0
DA:430,0
DA:431,0
DA:432,0
DA:433,0
DA:434,0
DA:435,0
DA:437,0
DA:438,0
DA:439,0
DA:440,0
DA:441,0
DA:443,13
DA:444,0
DA:445,0
DA:446,0
DA:447,0
DA:448,0
DA:449,0
DA:450,0
DA:451,0
DA:452,0
DA:453,0
DA:454,0
DA:455,0
DA:456,0
DA:457,0
DA:458,0
DA:459,0
DA:460,0
DA:462,0
DA:463,0
DA:464,0
DA:465,0
DA:466,0
DA:468,13
DA:469,1
DA:470,1
DA:471,1
DA:472,1
DA:473,1
DA:474,1
DA:475,1
DA:476,1
DA:477,1
DA:479,13
DA:480,2
DA:481,2
DA:482,2
DA:483,2
DA:484,2
DA:485,0
DA:486,0
DA:487,2
DA:488,2
DA:489,2
DA:490,2
DA:492,13
DA:493,24
DA:494,24
DA:495,16
DA:496,16
DA:497,24
DA:499,13
DA:500,13
DA:501,13
DA:502,13
DA:504,13
DA:505,13
DA:506,13
DA:507,13
DA:508,13
DA:509,13
DA:510,13
DA:511,13
DA:512,13
DA:513,13
DA:514,13
DA:515,13
DA:516,13
DA:517,13
DA:518,13
DA:519,13
DA:520,13
DA:521,13
DA:522,13
DA:523,13
DA:524,13
DA:525,13
DA:526,13
DA:527,13
DA:528,13
DA:529,13
DA:530,13
DA:531,13
DA:532,1
LF:458
LH:406
BRDA:265,0,0,320
BRDA:265,1,0,125
BRDA:279,2,0,13
BRDA:303,3,0,22
BRDA:304,4,0,8
BRDA:304,5,0,8
BRDA:305,6,0,0
BRDA:306,7,0,4
BRDA:306,8,0,4
BRDA:308,9,0,14
BRDA:312,10,0,18
BRDA:313,11,0,4
BRDA:313,12,0,14
BRDA:313,13,0,4
BRDA:325,14,0,54
BRDA:329,15,0,26
BRDA:330,16,0,25
BRDA:331,17,0,24
BRDA:332,18,0,23
BRDA:336,19,0,3
BRDA:336,20,0,51
BRDA:337,21,0,0
BRDA:339,22,0,20
BRDA:342,23,0,3
BRDA:343,24,0,0
BRDA:343,25,0,6
BRDA:349,26,0,13
BRDA:350,27,0,0
BRDA:352,28,0,42
BRDA:356,29,0,42
BRDA:362,30,0,11
BRDA:362,31,0,31
BRDA:363,32,0,9
BRDA:363,33,0,33
BRDA:364,34,0,7
BRDA:364,35,0,35
BRDA:365,36,0,5
BRDA:365,37,0,37
BRDA:366,38,0,7
BRDA:366,39,0,35
BRDA:375,40,0,4
BRDA:385,41,0,16
BRDA:393,42,0,8
BRDA:395,43,0,0
BRDA:396,44,0,0
BRDA:402,45,0,1
BRDA:468,46,0,1
BRDA:479,47,0,2
BRDA:484,48,0,0
BRDA:492,49,0,24
BRDA:494,50,0,8
BRDA:494,51,0,16
BRDA:499,52,0,13
BRDA:9,53,0,13
BRDA:12,54,0,13
BRDA:23,55,0,13
BRDA:33,56,0,13
BRDA:12,57,0,24
BRDA:20,58,0,26
BRDA:23,59,0,16
BRDA:36,60,0,52
BRDA:50,61,0,21
BRDA:56,62,0,31
BRDA:63,63,0,13
BRDA:43,64,0,13
BRDA:43,65,0,24
BRDA:86,66,0,26
BRDA:91,67,0,12
BRDA:111,68,0,26
BRDA:116,69,0,34
BRDA:141,70,0,13
BRDA:141,71,0,13
BRDA:150,72,0,2
BRDA:155,73,0,6
BRDA:156,74,0,3
BRDA:150,75,0,6
BRDA:163,76,0,1
BRDA:169,77,0,2
BRDA:192,78,0,0
BRDA:194,79,0,0
BRDA:200,80,0,4
BRF:81
BRH:72
end_of_record
TN:
SF:src/ui/pages/ContactsPage.vue
FN:312,isNonEmptyString
FN:328,setup
FN:405,setCountFromStore
FN:409,fetchNow
FN:429,debouncedFetchNow.maxWait
FN:431,handlePageChange
FN:439,handleFilterChange
FN:447,handleSortChange
FN:456,clearAll
FN:474,severityType
FN:490,openContactDetail
FN:515,openNewContact
FN:540,onClearPhoneFilter
FN:551,onApplyPhoneFilter
FN:564,onGlobalQueryInput
FN:9,onClick._cache.<computed>._cache.<computed>
FN:12,onUpdate:first._cache.<computed>._cache.<computed>
FN:20,rowStyle
FN:23,onUpdate:filters._cache.<computed>._cache.<computed>
FN:33,onRowClick._cache.<computed>._cache.<computed>
FN:43,onUpdate:modelValue._cache.<computed>._cache.<computed>
FN:63,onClick._cache.<computed>._cache.<computed>
FN:91,onUpdate:modelValue
FN:122,onUpdate:modelValue
FN:160,onUpdate:modelValue
FN:194,onUpdate:modelValue._cache.<computed>._cache.<computed>
FN:207,onClick
FN:213,onClick
FN:244,onUpdate:modelValue
FNF:29
FNH:23
FNDA:361,isNonEmptyString
FNDA:15,setup
FNDA:48,setCountFromStore
FNDA:48,fetchNow
FNDA:4,debouncedFetchNow.maxWait
FNDA:0,handlePageChange
FNDA:20,handleFilterChange
FNDA:8,handleSortChange
FNDA:1,clearAll
FNDA:45,severityType
FNDA:0,openContactDetail
FNDA:0,openNewContact
FNDA:1,onClearPhoneFilter
FNDA:2,onApplyPhoneFilter
FNDA:15,onGlobalQueryInput
FNDA:0,onClick._cache.<computed>._cache.<computed>
FNDA:28,onUpdate:first._cache.<computed>._cache.<computed>
FNDA:30,rowStyle
FNDA:20,onUpdate:filters._cache.<computed>._cache.<computed>
FNDA:0,onRowClick._cache.<computed>._cache.<computed>
FNDA:15,onUpdate:modelValue._cache.<computed>._cache.<computed>
FNDA:0,onClick._cache.<computed>._cache.<computed>
FNDA:8,onUpdate:modelValue
FNDA:4,onUpdate:modelValue
FNDA:26,onUpdate:modelValue
FNDA:6,onUpdate:modelValue._cache.<computed>._cache.<computed>
FNDA:1,onClick
FNDA:2,onClick
FNDA:4,onUpdate:modelValue
DA:2,1
DA:3,1
DA:4,1
DA:5,1
DA:6,1
DA:7,1
DA:8,1
DA:9,1
DA:10,1
DA:11,1
DA:12,1
DA:13,1
DA:14,1
DA:15,1
DA:16,1
DA:17,1
DA:18,1
DA:19,1
DA:20,1
DA:21,1
DA:22,1
DA:23,1
DA:24,1
DA:25,1
DA:26,1
DA:27,1
DA:28,1
DA:29,1
DA:30,1
DA:31,1
DA:32,1
DA:33,1
DA:35,1
DA:36,1
DA:37,60
DA:38,60
DA:39,60
DA:40,60
DA:41,60
DA:42,60
DA:43,60
DA:44,60
DA:45,60
DA:46,60
DA:47,60
DA:48,60
DA:49,60
DA:50,60
DA:51,24
DA:52,24
DA:53,24
DA:54,24
DA:55,24
DA:56,24
DA:57,60
DA:58,60
DA:59,60
DA:60,60
DA:61,60
DA:62,60
DA:63,60
DA:64,60
DA:65,60
DA:66,60
DA:67,60
DA:68,60
DA:69,1
DA:73,1
DA:74,1
DA:75,1
DA:76,1
DA:77,1
DA:78,1
DA:79,1
DA:80,1
DA:81,1
DA:82,1
DA:83,1
DA:85,1
DA:86,1
DA:89,1
DA:90,1
DA:91,1
DA:92,1
DA:93,1
DA:94,1
DA:96,1
DA:99,1
DA:100,1
DA:101,1
DA:102,1
DA:103,1
DA:104,1
DA:105,1
DA:106,1
DA:107,1
DA:108,1
DA:110,1
DA:111,1
DA:112,1
DA:113,1
DA:114,1
DA:115,1
DA:116,1
DA:117,1
DA:120,1
DA:121,1
DA:122,1
DA:123,1
DA:124,1
DA:125,1
DA:126,1
DA:127,1
DA:128,1
DA:129,1
DA:130,1
DA:131,1
DA:132,1
DA:133,1
DA:138,1
DA:140,1
DA:143,1
DA:144,1
DA:145,1
DA:146,1
DA:147,1
DA:148,1
DA:149,1
DA:150,1
DA:151,1
DA:152,1
DA:154,1
DA:155,1
DA:158,1
DA:159,1
DA:160,1
DA:161,1
DA:162,1
DA:163,1
DA:165,1
DA:168,1
DA:169,1
DA:170,1
DA:171,1
DA:172,1
DA:173,1
DA:174,1
DA:175,1
DA:176,1
DA:177,1
DA:178,1
DA:180,1
DA:181,1
DA:182,1
DA:183,1
DA:184,1
DA:185,1
DA:186,1
DA:187,1
DA:188,1
DA:191,1
DA:192,1
DA:193,1
DA:194,1
DA:195,1
DA:196,1
DA:197,1
DA:198,1
DA:199,1
DA:200,6
DA:201,1
DA:202,1
DA:203,1
DA:204,1
DA:205,1
DA:206,1
DA:207,1
DA:208,1
DA:209,1
DA:210,1
DA:211,1
DA:212,1
DA:213,1
DA:214,1
DA:215,1
DA:216,1
DA:218,1
DA:221,1
DA:222,1
DA:223,1
DA:224,1
DA:225,1
DA:226,1
DA:227,1
DA:228,1
DA:229,1
DA:230,1
DA:231,1
DA:233,1
DA:234,1
DA:235,1
DA:236,1
DA:237,1
DA:238,1
DA:239,1
DA:242,1
DA:243,1
DA:244,1
DA:245,1
DA:246,1
DA:247,1
DA:248,1
DA:249,1
DA:250,1
DA:251,1
DA:252,1
DA:253,1
DA:254,1
DA:255,1
DA:256,1
DA:262,1
DA:263,1
DA:264,1
DA:265,1
DA:266,1
DA:267,1
DA:268,1
DA:269,1
DA:270,1
DA:271,1
DA:273,1
DA:275,1
DA:276,1
DA:277,1
DA:281,1
DA:282,1
DA:283,1
DA:284,1
DA:289,1
DA:290,1
DA:291,1
DA:292,1
DA:293,1
DA:294,1
DA:295,1
DA:296,1
DA:297,1
DA:298,1
DA:299,1
DA:301,1
DA:302,1
DA:303,1
DA:304,0
DA:305,1
DA:306,1
DA:307,1
DA:309,1
DA:312,1
DA:314,1
DA:315,1
DA:316,1
DA:317,1
DA:318,1
DA:319,1
DA:320,1
DA:321,1
DA:322,1
DA:323,1
DA:324,1
DA:325,1
DA:326,1
DA:327,1
DA:328,1
DA:329,15
DA:330,15
DA:331,15
DA:332,15
DA:333,15
DA:334,15
DA:336,15
DA:337,15
DA:338,15
DA:339,15
DA:340,15
DA:341,15
DA:343,15
DA:344,15
DA:345,15
DA:347,15
DA:348,15
DA:349,15
DA:350,15
DA:351,15
DA:354,15
DA:355,24
DA:356,8
DA:357,8
DA:358,8
DA:359,8
DA:360,16
DA:361,15
DA:364,15
DA:365,20
DA:366,15
DA:368,15
DA:369,15
DA:370,15
DA:371,15
DA:372,15
DA:373,15
DA:374,15
DA:377,15
DA:378,51
DA:380,51
DA:381,51
DA:382,31
DA:383,30
DA:384,29
DA:385,28
DA:387,51
DA:389,51
DA:390,51
DA:391,48
DA:393,51
DA:394,15
DA:396,15
DA:397,3
DA:398,6
DA:399,6
DA:400,3
DA:401,15
DA:403,15
DA:404,15
DA:405,15
DA:406,48
DA:407,48
DA:409,15
DA:410,48
DA:411,48
DA:412,48
DA:413,48
DA:414,48
DA:415,48
DA:416,48
DA:417,48
DA:418,48
DA:419,48
DA:420,48
DA:421,48
DA:422,48
DA:423,48
DA:424,48
DA:425,48
DA:426,48
DA:427,48
DA:429,15
DA:431,15
DA:432,0
DA:433,0
DA:434,0
DA:435,0
DA:436,0
DA:437,0
DA:439,15
DA:440,20
DA:441,20
DA:442,20
DA:443,20
DA:444,20
DA:445,20
DA:447,15
DA:448,8
DA:449,8
DA:450,8
DA:451,8
DA:452,8
DA:453,8
DA:454,8
DA:456,15
DA:457,1
DA:458,1
DA:459,1
DA:460,1
DA:461,1
DA:463,1
DA:464,1
DA:465,1
DA:466,1
DA:467,1
DA:468,1
DA:469,1
DA:471,1
DA:472,1
DA:474,15
DA:475,45
DA:476,15
DA:477,15
DA:478,45
DA:479,15
DA:480,15
DA:481,45
DA:482,0
DA:483,0
DA:484,15
DA:485,15
DA:486,15
DA:487,0
DA:488,45
DA:490,15
DA:491,0
DA:492,0
DA:493,0
DA:494,0
DA:496,0
DA:497,0
DA:498,0
DA:499,0
DA:500,0
DA:501,0
DA:502,0
DA:503,0
DA:504,0
DA:505,0
DA:506,0
DA:507,0
DA:509,0
DA:510,0
DA:511,0
DA:512,0
DA:513,0
DA:515,15
DA:516,0
DA:517,0
DA:518,0
DA:519,0
DA:520,0
DA:521,0
DA:522,0
DA:523,0
DA:524,0
DA:525,0
DA:526,0
DA:527,0
DA:528,0
DA:529,0
DA:530,0
DA:531,0
DA:532,0
DA:534,0
DA:535,0
DA:536,0
DA:537,0
DA:538,0
DA:540,15
DA:541,1
DA:542,1
DA:543,1
DA:544,1
DA:545,1
DA:546,1
DA:547,1
DA:548,1
DA:549,1
DA:551,15
DA:552,2
DA:553,2
DA:554,2
DA:555,2
DA:556,2
DA:557,0
DA:558,0
DA:559,2
DA:560,2
DA:561,2
DA:562,2
DA:564,15
DA:565,15
DA:566,15
DA:567,7
DA:568,7
DA:569,15
DA:571,15
DA:572,15
DA:573,15
DA:574,15
DA:576,15
DA:577,15
DA:578,15
DA:579,15
DA:580,15
DA:581,15
DA:582,15
DA:583,15
DA:584,15
DA:585,15
DA:586,15
DA:587,15
DA:588,15
DA:589,15
DA:590,15
DA:591,15
DA:592,15
DA:593,15
DA:594,15
DA:595,15
DA:596,15
DA:597,15
DA:598,15
DA:599,15
DA:600,15
DA:601,15
DA:602,15
DA:603,15
DA:604,15
DA:605,15
DA:606,1
LF:516
LH:461
BRDA:312,0,0,361
BRDA:312,1,0,131
BRDA:328,2,0,15
BRDA:354,3,0,24
BRDA:355,4,0,8
BRDA:355,5,0,8
BRDA:356,6,0,0
BRDA:357,7,0,4
BRDA:357,8,0,4
BRDA:359,9,0,16
BRDA:364,10,0,20
BRDA:365,11,0,4
BRDA:365,12,0,16
BRDA:365,13,0,4
BRDA:377,14,0,51
BRDA:381,15,0,31
BRDA:382,16,0,30
BRDA:383,17,0,29
BRDA:384,18,0,28
BRDA:387,19,0,4
BRDA:390,20,0,3
BRDA:390,21,0,48
BRDA:391,22,0,0
BRDA:393,23,0,25
BRDA:393,24,0,23
BRDA:396,25,0,3
BRDA:397,26,0,0
BRDA:397,27,0,6
BRDA:403,28,0,15
BRDA:405,29,0,48
BRDA:409,30,0,48
BRDA:415,31,0,12
BRDA:415,32,0,36
BRDA:416,33,0,10
BRDA:416,34,0,38
BRDA:417,35,0,8
BRDA:417,36,0,40
BRDA:418,37,0,6
BRDA:418,38,0,42
BRDA:419,39,0,5
BRDA:419,40,0,43
BRDA:420,41,0,8
BRDA:420,42,0,40
BRDA:429,43,0,4
BRDA:439,44,0,20
BRDA:447,45,0,8
BRDA:449,46,0,0
BRDA:450,47,0,0
BRDA:456,48,0,1
BRDA:474,49,0,45
BRDA:475,50,0,15
BRDA:477,51,0,30
BRDA:478,52,0,15
BRDA:481,53,0,0
BRDA:483,54,0,15
BRDA:486,55,0,0
BRDA:540,56,0,1
BRDA:551,57,0,2
BRDA:556,58,0,0
BRDA:564,59,0,15
BRDA:566,60,0,8
BRDA:566,61,0,7
BRDA:571,62,0,15
BRDA:9,63,0,15
BRDA:12,64,0,15
BRDA:23,65,0,15
BRDA:33,66,0,15
BRDA:12,67,0,28
BRDA:20,68,0,30
BRDA:23,69,0,20
BRDA:36,70,0,60
BRDA:50,71,0,24
BRDA:56,72,0,36
BRDA:63,73,0,15
BRDA:43,74,0,15
BRDA:43,75,0,15
BRDA:86,76,0,30
BRDA:91,77,0,8
BRDA:122,78,0,4
BRDA:123,79,0,32
BRDA:155,80,0,30
BRDA:160,81,0,26
BRDA:185,82,0,15
BRDA:185,83,0,15
BRDA:194,84,0,2
BRDA:199,85,0,6
BRDA:200,86,0,3
BRDA:194,87,0,6
BRDA:207,88,0,1
BRDA:213,89,0,2
BRDA:236,90,0,0
BRDA:238,91,0,0
BRDA:244,92,0,4
BRF:93
BRH:83
end_of_record
TN:
SF:src/ui/pages/CustomersPage.vue
FN:312,isNonEmptyString
FN:326,setup
FN:402,setCountFromStore
FN:406,fetchNow
FN:426,debouncedFetchNow.maxWait
FN:428,handlePageChange
FN:436,handleFilterChange
FN:444,handleSortChange
FN:453,clearAll
FN:471,openContactDetail
FN:495,openNewContact
FN:520,onClearPhoneFilter
FN:531,onApplyPhoneFilter
FN:544,onGlobalQueryInput
FN:9,onClick._cache.<computed>._cache.<computed>
FN:12,onUpdate:first._cache.<computed>._cache.<computed>
FN:20,rowStyle
FN:23,onUpdate:filters._cache.<computed>._cache.<computed>
FN:33,onRowClick._cache.<computed>._cache.<computed>
FN:43,onUpdate:modelValue._cache.<computed>._cache.<computed>
FN:63,onClick._cache.<computed>._cache.<computed>
FN:91,onUpdate:modelValue
FN:114,onUpdate:modelValue
FN:139,onUpdate:modelValue
FN:173,onUpdate:modelValue._cache.<computed>._cache.<computed>
FN:186,onClick
FN:192,onClick
FN:223,onUpdate:modelValue
FNF:28
FNH:22
FNDA:419,isNonEmptyString
FNDA:14,setup
FNDA:46,setCountFromStore
FNDA:46,fetchNow
FNDA:4,debouncedFetchNow.maxWait
FNDA:0,handlePageChange
FNDA:19,handleFilterChange
FNDA:8,handleSortChange
FNDA:1,clearAll
FNDA:0,openContactDetail
FNDA:0,openNewContact
FNDA:1,onClearPhoneFilter
FNDA:2,onApplyPhoneFilter
FNDA:20,onGlobalQueryInput
FNDA:0,onClick._cache.<computed>._cache.<computed>
FNDA:27,onUpdate:first._cache.<computed>._cache.<computed>
FNDA:28,rowStyle
FNDA:19,onUpdate:filters._cache.<computed>._cache.<computed>
FNDA:0,onRowClick._cache.<computed>._cache.<computed>
FNDA:20,onUpdate:modelValue._cache.<computed>._cache.<computed>
FNDA:0,onClick._cache.<computed>._cache.<computed>
FNDA:8,onUpdate:modelValue
FNDA:22,onUpdate:modelValue
FNDA:40,onUpdate:modelValue
FNDA:6,onUpdate:modelValue._cache.<computed>._cache.<computed>
FNDA:1,onClick
FNDA:2,onClick
FNDA:4,onUpdate:modelValue
DA:2,1
DA:3,1
DA:4,1
DA:5,1
DA:6,1
DA:7,1
DA:8,1
DA:9,1
DA:10,1
DA:11,1
DA:12,1
DA:13,1
DA:14,1
DA:15,1
DA:16,1
DA:17,1
DA:18,1
DA:19,1
DA:20,1
DA:21,1
DA:22,1
DA:23,1
DA:24,1
DA:25,1
DA:26,1
DA:27,1
DA:28,1
DA:29,1
DA:30,1
DA:31,1
DA:32,1
DA:33,1
DA:35,1
DA:36,1
DA:37,57
DA:38,57
DA:39,57
DA:40,57
DA:41,57
DA:42,57
DA:43,57
DA:44,57
DA:45,57
DA:46,57
DA:47,57
DA:48,57
DA:49,57
DA:50,57
DA:51,23
DA:52,23
DA:53,23
DA:54,23
DA:55,23
DA:56,23
DA:57,57
DA:58,57
DA:59,57
DA:60,57
DA:61,57
DA:62,57
DA:63,57
DA:64,57
DA:65,57
DA:66,57
DA:67,57
DA:68,57
DA:69,1
DA:73,1
DA:74,1
DA:75,1
DA:76,1
DA:77,1
DA:78,1
DA:79,1
DA:80,1
DA:81,1
DA:82,1
DA:83,1
DA:85,1
DA:86,1
DA:89,1
DA:90,1
DA:91,1
DA:92,1
DA:93,1
DA:94,1
DA:96,1
DA:99,1
DA:100,1
DA:101,1
DA:102,1
DA:103,1
DA:104,1
DA:105,1
DA:106,1
DA:107,1
DA:109,1
DA:110,1
DA:112,1
DA:113,1
DA:114,1
DA:115,1
DA:116,1
DA:117,1
DA:119,1
DA:122,1
DA:123,1
DA:124,1
DA:125,1
DA:126,1
DA:127,1
DA:128,1
DA:129,1
DA:130,1
DA:131,1
DA:133,1
DA:134,1
DA:137,1
DA:138,1
DA:139,1
DA:140,1
DA:141,1
DA:142,1
DA:144,1
DA:147,1
DA:148,1
DA:149,1
DA:150,1
DA:151,1
DA:152,1
DA:153,1
DA:154,1
DA:155,1
DA:156,1
DA:157,1
DA:159,1
DA:160,1
DA:161,1
DA:162,1
DA:163,1
DA:164,1
DA:165,1
DA:166,1
DA:167,1
DA:170,1
DA:171,1
DA:172,1
DA:173,1
DA:174,1
DA:175,1
DA:176,1
DA:177,1
DA:178,1
DA:179,6
DA:180,1
DA:181,1
DA:182,1
DA:183,1
DA:184,1
DA:185,1
DA:186,1
DA:187,1
DA:188,1
DA:189,1
DA:190,1
DA:191,1
DA:192,1
DA:193,1
DA:194,1
DA:195,1
DA:197,1
DA:200,1
DA:201,1
DA:202,1
DA:203,1
DA:204,1
DA:205,1
DA:206,1
DA:207,1
DA:208,1
DA:209,1
DA:210,1
DA:212,1
DA:213,1
DA:214,1
DA:215,1
DA:216,1
DA:217,1
DA:218,1
DA:221,1
DA:222,1
DA:223,1
DA:224,1
DA:225,1
DA:226,1
DA:227,1
DA:228,1
DA:229,1
DA:230,1
DA:231,1
DA:232,1
DA:233,1
DA:234,1
DA:235,1
DA:241,1
DA:242,1
DA:243,1
DA:244,1
DA:245,1
DA:246,1
DA:247,1
DA:248,1
DA:249,1
DA:250,1
DA:252,1
DA:254,1
DA:257,1
DA:258,1
DA:259,1
DA:260,1
DA:261,1
DA:262,1
DA:263,1
DA:264,1
DA:265,1
DA:266,1
DA:267,1
DA:269,1
DA:270,1
DA:271,28
DA:275,1
DA:277,1
DA:278,1
DA:279,1
DA:283,1
DA:284,1
DA:285,1
DA:286,1
DA:291,1
DA:292,1
DA:293,1
DA:294,1
DA:295,1
DA:296,1
DA:297,1
DA:298,1
DA:299,1
DA:301,1
DA:302,1
DA:303,1
DA:304,1
DA:306,1
DA:307,0
DA:308,1
DA:309,1
DA:312,1
DA:314,1
DA:315,1
DA:316,1
DA:317,1
DA:318,1
DA:319,1
DA:320,1
DA:321,1
DA:322,1
DA:323,1
DA:324,1
DA:325,1
DA:326,1
DA:327,14
DA:328,14
DA:329,14
DA:330,14
DA:331,14
DA:332,14
DA:334,14
DA:335,14
DA:336,14
DA:337,14
DA:338,14
DA:339,14
DA:341,14
DA:342,14
DA:343,14
DA:344,14
DA:345,14
DA:346,14
DA:347,14
DA:349,14
DA:350,23
DA:351,8
DA:352,8
DA:353,8
DA:354,8
DA:355,15
DA:356,14
DA:358,14
DA:359,19
DA:360,14
DA:362,14
DA:363,14
DA:364,14
DA:365,14
DA:366,14
DA:367,14
DA:368,14
DA:370,14
DA:372,14
DA:373,3
DA:374,6
DA:375,6
DA:376,3
DA:377,14
DA:379,14
DA:380,54
DA:382,54
DA:383,54
DA:384,29
DA:385,28
DA:386,27
DA:387,26
DA:388,25
DA:390,54
DA:391,54
DA:392,51
DA:394,54
DA:395,14
DA:397,14
DA:398,14
DA:399,14
DA:400,14
DA:402,14
DA:403,46
DA:404,46
DA:406,14
DA:407,46
DA:408,46
DA:409,46
DA:410,46
DA:411,46
DA:412,46
DA:413,46
DA:414,46
DA:415,46
DA:416,46
DA:417,46
DA:418,46
DA:419,46
DA:420,46
DA:421,46
DA:422,46
DA:423,46
DA:424,46
DA:426,14
DA:428,14
DA:429,0
DA:430,0
DA:431,0
DA:432,0
DA:433,0
DA:434,0
DA:436,14
DA:437,19
DA:438,19
DA:439,19
DA:440,19
DA:441,19
DA:442,19
DA:444,14
DA:445,8
DA:446,8
DA:447,8
DA:448,8
DA:449,8
DA:450,8
DA:451,8
DA:453,14
DA:454,1
DA:455,1
DA:456,1
DA:457,1
DA:458,1
DA:460,1
DA:461,1
DA:462,1
DA:463,1
DA:464,1
DA:465,1
DA:466,1
DA:468,1
DA:469,1
DA:471,14
DA:472,0
DA:473,0
DA:474,0
DA:475,0
DA:476,0
DA:477,0
DA:478,0
DA:479,0
DA:480,0
DA:481,0
DA:482,0
DA:483,0
DA:484,0
DA:485,0
DA:486,0
DA:487,0
DA:489,0
DA:490,0
DA:491,0
DA:492,0
DA:493,0
DA:495,14
DA:496,0
DA:497,0
DA:498,0
DA:499,0
DA:500,0
DA:501,0
DA:502,0
DA:503,0
DA:504,0
DA:505,0
DA:506,0
DA:507,0
DA:508,0
DA:509,0
DA:510,0
DA:511,0
DA:512,0
DA:514,0
DA:515,0
DA:516,0
DA:517,0
DA:518,0
DA:520,14
DA:521,1
DA:522,1
DA:523,1
DA:524,1
DA:525,1
DA:526,1
DA:527,1
DA:528,1
DA:529,1
DA:531,14
DA:532,2
DA:533,2
DA:534,2
DA:535,2
DA:536,2
DA:537,0
DA:538,0
DA:539,2
DA:540,2
DA:541,2
DA:542,2
DA:544,14
DA:545,20
DA:546,20
DA:547,12
DA:548,12
DA:549,20
DA:551,14
DA:552,14
DA:553,14
DA:554,14
DA:556,14
DA:557,14
DA:558,14
DA:559,14
DA:560,14
DA:561,14
DA:562,14
DA:563,14
DA:564,14
DA:565,14
DA:566,14
DA:567,14
DA:568,14
DA:569,14
DA:570,14
DA:571,14
DA:572,14
DA:573,14
DA:574,14
DA:575,14
DA:576,14
DA:577,14
DA:578,14
DA:579,14
DA:580,14
DA:581,14
DA:582,14
DA:583,14
DA:584,14
DA:585,1
LF:498
LH:446
BRDA:312,0,0,419
BRDA:312,1,0,139
BRDA:326,2,0,14
BRDA:349,3,0,23
BRDA:350,4,0,8
BRDA:350,5,0,8
BRDA:351,6,0,0
BRDA:352,7,0,4
BRDA:352,8,0,4
BRDA:354,9,0,15
BRDA:358,10,0,19
BRDA:359,11,0,4
BRDA:359,12,0,15
BRDA:359,13,0,4
BRDA:372,14,0,3
BRDA:373,15,0,0
BRDA:373,16,0,6
BRDA:379,17,0,54
BRDA:383,18,0,29
BRDA:384,19,0,28
BRDA:385,20,0,27
BRDA:386,21,0,26
BRDA:387,22,0,25
BRDA:391,23,0,3
BRDA:391,24,0,51
BRDA:392,25,0,0
BRDA:394,26,0,22
BRDA:397,27,0,14
BRDA:398,28,0,0
BRDA:402,29,0,46
BRDA:406,30,0,46
BRDA:412,31,0,12
BRDA:412,32,0,34
BRDA:413,33,0,10
BRDA:413,34,0,36
BRDA:414,35,0,7
BRDA:414,36,0,39
BRDA:415,37,0,8
BRDA:415,38,0,38
BRDA:416,39,0,5
BRDA:416,40,0,41
BRDA:417,41,0,7
BRDA:417,42,0,39
BRDA:426,43,0,4
BRDA:436,44,0,19
BRDA:444,45,0,8
BRDA:446,46,0,0
BRDA:447,47,0,0
BRDA:453,48,0,1
BRDA:520,49,0,1
BRDA:531,50,0,2
BRDA:536,51,0,0
BRDA:544,52,0,20
BRDA:546,53,0,8
BRDA:546,54,0,12
BRDA:551,55,0,14
BRDA:9,56,0,14
BRDA:12,57,0,14
BRDA:23,58,0,14
BRDA:33,59,0,14
BRDA:12,60,0,27
BRDA:20,61,0,28
BRDA:23,62,0,19
BRDA:36,63,0,57
BRDA:50,64,0,23
BRDA:56,65,0,34
BRDA:63,66,0,14
BRDA:43,67,0,14
BRDA:43,68,0,20
BRDA:86,69,0,28
BRDA:91,70,0,8
BRDA:110,71,0,28
BRDA:114,72,0,22
BRDA:134,73,0,28
BRDA:139,74,0,40
BRDA:164,75,0,0
BRDA:173,76,0,2
BRDA:178,77,0,6
BRDA:179,78,0,3
BRDA:173,79,0,6
BRDA:186,80,0,1
BRDA:192,81,0,2
BRDA:215,82,0,0
BRDA:217,83,0,0
BRDA:223,84,0,4
BRDA:270,85,0,28
BRF:86
BRH:76
end_of_record
TN:
SF:src/ui/pages/Error404Page.vue
FN:1,(empty-report)
FNF:1
FNH:1
FNDA:1,(empty-report)
DA:2,0
DA:3,0
DA:4,0
DA:5,0
DA:6,0
DA:7,0
DA:8,0
DA:9,0
DA:10,0
DA:11,0
DA:15,0
DA:16,0
LF:12
LH:0
BRDA:1,0,0,1
BRF:1
BRH:1
end_of_record
TN:
SF:src/ui/pages/GuestsPage.vue
FN:262,isNonEmptyString
FN:276,setup
FN:347,fetchNow
FN:369,debouncedFetchNow.maxWait
FN:371,handlePageChange
FN:379,handleFilterChange
FN:387,handleSortChange
FN:396,clearAll
FN:414,onToggleInhouse
FN:426,openContactDetail
FN:450,openNewContact
FN:475,onGlobalQueryInput
FN:9,onClick._cache.<computed>._cache.<computed>
FN:12,onUpdate:first._cache.<computed>._cache.<computed>
FN:20,rowStyle
FN:23,onUpdate:filters._cache.<computed>._cache.<computed>
FN:33,onRowClick._cache.<computed>._cache.<computed>
FN:43,onUpdate:modelValue._cache.<computed>._cache.<computed>
FN:63,onClick._cache.<computed>._cache.<computed>
FN:89,onUpdate:modelValue
FN:125,onUpdate:modelValue
FN:156,onUpdate:modelValue
FNF:22
FNH:16
FNDA:222,isNonEmptyString
FNDA:12,setup
FNDA:36,fetchNow
FNDA:4,debouncedFetchNow.maxWait
FNDA:0,handlePageChange
FNDA:10,handleFilterChange
FNDA:6,handleSortChange
FNDA:1,clearAll
FNDA:3,onToggleInhouse
FNDA:0,openContactDetail
FNDA:0,openNewContact
FNDA:17,onGlobalQueryInput
FNDA:0,onClick._cache.<computed>._cache.<computed>
FNDA:16,onUpdate:first._cache.<computed>._cache.<computed>
FNDA:24,rowStyle
FNDA:10,onUpdate:filters._cache.<computed>._cache.<computed>
FNDA:0,onRowClick._cache.<computed>._cache.<computed>
FNDA:17,onUpdate:modelValue._cache.<computed>._cache.<computed>
FNDA:0,onClick._cache.<computed>._cache.<computed>
FNDA:10,onUpdate:modelValue
FNDA:16,onUpdate:modelValue
FNDA:4,onUpdate:modelValue
DA:2,1
DA:3,1
DA:4,1
DA:5,1
DA:6,1
DA:7,1
DA:8,1
DA:9,1
DA:10,1
DA:11,1
DA:12,1
DA:13,1
DA:14,1
DA:15,1
DA:16,1
DA:17,1
DA:18,1
DA:19,1
DA:20,1
DA:21,1
DA:22,1
DA:23,1
DA:24,1
DA:25,1
DA:26,1
DA:27,1
DA:28,1
DA:29,1
DA:30,1
DA:31,1
DA:32,1
DA:33,1
DA:35,1
DA:36,1
DA:37,36
DA:38,36
DA:39,36
DA:40,36
DA:41,36
DA:42,36
DA:43,36
DA:44,36
DA:45,36
DA:46,36
DA:47,36
DA:48,36
DA:49,36
DA:50,36
DA:51,19
DA:52,19
DA:53,19
DA:54,19
DA:55,19
DA:56,19
DA:57,36
DA:58,36
DA:59,36
DA:60,36
DA:61,36
DA:62,36
DA:63,36
DA:64,36
DA:65,36
DA:66,36
DA:67,36
DA:68,36
DA:69,1
DA:73,1
DA:74,1
DA:75,1
DA:76,1
DA:77,1
DA:78,1
DA:79,1
DA:80,1
DA:81,1
DA:82,1
DA:83,1
DA:85,1
DA:87,1
DA:88,1
DA:89,1
DA:90,1
DA:91,1
DA:92,1
DA:94,1
DA:97,1
DA:98,1
DA:99,1
DA:100,1
DA:101,1
DA:102,1
DA:103,1
DA:104,1
DA:106,1
DA:107,1
DA:108,1
DA:112,1
DA:113,1
DA:114,1
DA:115,1
DA:116,12
DA:117,12
DA:118,12
DA:119,12
DA:120,12
DA:121,1
DA:123,1
DA:124,1
DA:125,1
DA:126,1
DA:127,1
DA:128,1
DA:130,1
DA:133,1
DA:134,1
DA:135,1
DA:136,1
DA:137,1
DA:138,1
DA:139,1
DA:140,1
DA:141,1
DA:142,1
DA:143,1
DA:145,1
DA:146,1
DA:147,1
DA:148,1
DA:149,1
DA:150,1
DA:151,1
DA:154,1
DA:155,1
DA:156,1
DA:157,1
DA:158,1
DA:159,1
DA:160,1
DA:161,1
DA:162,1
DA:163,1
DA:164,1
DA:165,1
DA:166,1
DA:167,1
DA:168,1
DA:174,1
DA:175,1
DA:176,1
DA:177,1
DA:178,1
DA:179,1
DA:180,1
DA:181,1
DA:182,1
DA:183,1
DA:185,1
DA:187,1
DA:190,1
DA:191,1
DA:192,1
DA:193,1
DA:195,1
DA:196,1
DA:198,1
DA:201,1
DA:202,1
DA:203,1
DA:204,1
DA:205,1
DA:207,1
DA:210,1
DA:211,1
DA:212,1
DA:213,1
DA:215,1
DA:216,1
DA:217,1
DA:218,1
DA:219,1
DA:220,1
DA:221,1
DA:222,1
DA:225,1
DA:226,1
DA:228,1
DA:229,1
DA:230,1
DA:234,1
DA:235,1
DA:236,1
DA:237,1
DA:242,1
DA:243,1
DA:244,1
DA:245,1
DA:246,1
DA:247,1
DA:248,1
DA:249,1
DA:250,1
DA:252,1
DA:253,1
DA:254,1
DA:255,1
DA:256,1
DA:258,1
DA:259,0
DA:262,1
DA:264,1
DA:265,1
DA:266,1
DA:267,1
DA:268,1
DA:269,1
DA:270,1
DA:271,1
DA:272,1
DA:273,1
DA:274,1
DA:275,1
DA:276,1
DA:277,12
DA:278,12
DA:279,12
DA:280,12
DA:281,12
DA:282,12
DA:284,12
DA:285,12
DA:286,12
DA:287,12
DA:288,12
DA:290,12
DA:291,12
DA:292,12
DA:294,12
DA:295,19
DA:296,6
DA:297,6
DA:298,6
DA:299,6
DA:300,13
DA:301,12
DA:303,12
DA:304,16
DA:305,12
DA:307,12
DA:308,12
DA:309,12
DA:310,12
DA:311,12
DA:312,12
DA:313,12
DA:314,12
DA:315,12
DA:317,12
DA:319,12
DA:320,3
DA:321,6
DA:322,6
DA:323,6
DA:324,3
DA:325,12
DA:327,12
DA:328,45
DA:330,45
DA:331,45
DA:332,24
DA:333,23
DA:334,22
DA:336,45
DA:337,45
DA:338,41
DA:340,45
DA:342,45
DA:343,12
DA:345,12
DA:347,12
DA:348,36
DA:349,36
DA:350,36
DA:351,36
DA:352,36
DA:353,36
DA:354,36
DA:355,36
DA:356,36
DA:357,6
DA:358,30
DA:359,36
DA:360,36
DA:361,36
DA:362,36
DA:363,36
DA:364,36
DA:365,36
DA:366,36
DA:367,36
DA:369,12
DA:371,12
DA:372,0
DA:373,0
DA:374,0
DA:375,0
DA:376,0
DA:377,0
DA:379,12
DA:380,10
DA:381,10
DA:382,10
DA:383,10
DA:384,10
DA:385,10
DA:387,12
DA:388,6
DA:389,6
DA:390,6
DA:391,6
DA:392,6
DA:393,6
DA:394,6
DA:396,12
DA:397,1
DA:398,1
DA:399,1
DA:400,1
DA:402,1
DA:403,1
DA:404,1
DA:405,1
DA:406,1
DA:407,1
DA:408,1
DA:409,1
DA:410,1
DA:411,1
DA:412,1
DA:414,12
DA:415,3
DA:416,3
DA:417,3
DA:418,3
DA:419,3
DA:420,3
DA:421,3
DA:422,3
DA:424,12
DA:426,12
DA:427,0
DA:428,0
DA:429,0
DA:430,0
DA:431,0
DA:432,0
DA:433,0
DA:434,0
DA:435,0
DA:436,0
DA:437,0
DA:438,0
DA:439,0
DA:440,0
DA:441,0
DA:442,0
DA:444,0
DA:445,0
DA:446,0
DA:447,0
DA:448,0
DA:450,12
DA:451,0
DA:452,0
DA:453,0
DA:454,0
DA:455,0
DA:456,0
DA:457,0
DA:458,0
DA:459,0
DA:460,0
DA:461,0
DA:462,0
DA:463,0
DA:464,0
DA:465,0
DA:466,0
DA:467,0
DA:469,0
DA:470,0
DA:471,0
DA:472,0
DA:473,0
DA:475,12
DA:476,17
DA:477,17
DA:478,9
DA:479,9
DA:480,17
DA:482,12
DA:483,12
DA:484,12
DA:485,12
DA:487,12
DA:488,12
DA:489,12
DA:490,12
DA:491,12
DA:492,12
DA:493,12
DA:494,12
DA:495,12
DA:496,12
DA:497,12
DA:498,12
DA:499,12
DA:500,12
DA:501,12
DA:502,12
DA:503,12
DA:504,12
DA:505,12
DA:506,12
DA:507,12
DA:508,12
DA:509,12
DA:510,12
DA:511,12
DA:512,12
DA:513,1
LF:431
LH:381
BRDA:262,0,0,222
BRDA:262,1,0,99
BRDA:276,2,0,12
BRDA:284,3,0,0
BRDA:294,4,0,19
BRDA:295,5,0,6
BRDA:295,6,0,6
BRDA:296,7,0,0
BRDA:297,8,0,3
BRDA:297,9,0,3
BRDA:299,10,0,13
BRDA:303,11,0,16
BRDA:304,12,0,3
BRDA:304,13,0,13
BRDA:304,14,0,3
BRDA:319,15,0,3
BRDA:320,16,0,0
BRDA:320,17,0,6
BRDA:327,18,0,45
BRDA:331,19,0,24
BRDA:332,20,0,23
BRDA:333,21,0,22
BRDA:337,22,0,4
BRDA:337,23,0,41
BRDA:338,24,0,0
BRDA:342,25,0,20
BRDA:342,26,0,18
BRDA:345,27,0,12
BRDA:347,28,0,36
BRDA:348,29,0,4
BRDA:348,30,0,32
BRDA:354,31,0,10
BRDA:354,32,0,26
BRDA:355,33,0,8
BRDA:355,34,0,28
BRDA:356,35,0,6
BRDA:357,36,0,30
BRDA:359,37,0,6
BRDA:359,38,0,30
BRDA:363,39,0,0
BRDA:369,40,0,4
BRDA:379,41,0,10
BRDA:387,42,0,6
BRDA:389,43,0,0
BRDA:390,44,0,0
BRDA:396,45,0,1
BRDA:414,46,0,3
BRDA:415,47,0,2
BRDA:415,48,0,1
BRDA:475,49,0,17
BRDA:477,50,0,8
BRDA:477,51,0,9
BRDA:482,52,0,12
BRDA:9,53,0,12
BRDA:12,54,0,12
BRDA:23,55,0,12
BRDA:33,56,0,12
BRDA:12,57,0,16
BRDA:20,58,0,24
BRDA:23,59,0,10
BRDA:36,60,0,36
BRDA:50,61,0,19
BRDA:56,62,0,17
BRDA:63,63,0,12
BRDA:43,64,0,12
BRDA:43,65,0,17
BRDA:85,66,0,24
BRDA:89,67,0,10
BRDA:115,68,0,12
BRDA:120,69,0,12
BRDA:116,70,0,24
BRDA:125,71,0,16
BRDA:148,72,0,0
BRDA:150,73,0,0
BRDA:156,74,0,4
BRDA:196,75,0,24
BRDA:204,76,0,0
BRDA:226,77,0,12
BRF:78
BRH:68
end_of_record
TN:
SF:src/ui/pages/HotelNotFoundPage.vue
FN:1,(empty-report)
FNF:1
FNH:1
FNDA:1,(empty-report)
DA:2,0
DA:3,0
DA:4,0
DA:5,0
DA:6,0
DA:7,0
DA:8,0
DA:9,0
DA:10,0
DA:11,0
DA:12,0
DA:13,0
DA:14,0
DA:15,0
DA:16,0
DA:17,0
DA:18,0
DA:19,0
DA:20,0
DA:21,0
DA:24,0
DA:25,0
DA:26,0
DA:28,0
DA:29,0
DA:30,0
DA:31,0
DA:32,0
DA:33,0
DA:34,0
DA:35,0
DA:36,0
DA:37,0
DA:38,0
DA:40,0
DA:41,0
DA:42,0
DA:43,0
DA:44,0
DA:45,0
DA:46,0
DA:47,0
DA:48,0
DA:49,0
LF:44
LH:0
BRDA:1,0,0,1
BRF:1
BRH:1
end_of_record
TN:
SF:src/ui/pages/LoginPage.vue
FN:92,setup
FN:105,doLogin
FN:17,onUpdate:modelValue._cache.<computed>._cache.<computed>
FN:34,onUpdate:modelValue._cache.<computed>._cache.<computed>
FN:51,onClick._cache.<computed>._cache.<computed>
FNF:5
FNH:5
FNDA:8,setup
FNDA:4,doLogin
FNDA:8,onUpdate:modelValue._cache.<computed>._cache.<computed>
FNDA:8,onUpdate:modelValue._cache.<computed>._cache.<computed>
FNDA:4,onClick._cache.<computed>._cache.<computed>
DA:2,1
DA:3,1
DA:4,1
DA:5,1
DA:6,1
DA:7,1
DA:8,1
DA:9,1
DA:10,1
DA:11,1
DA:12,1
DA:13,1
DA:14,1
DA:15,1
DA:16,1
DA:17,1
DA:18,1
DA:19,1
DA:20,1
DA:21,1
DA:22,1
DA:23,1
DA:24,1
DA:25,1
DA:26,1
DA:27,1
DA:28,1
DA:29,1
DA:30,1
DA:31,1
DA:32,1
DA:33,1
DA:34,1
DA:35,1
DA:36,1
DA:37,1
DA:38,1
DA:39,1
DA:40,1
DA:41,1
DA:42,1
DA:43,1
DA:44,1
DA:45,1
DA:46,1
DA:47,1
DA:48,1
DA:49,1
DA:50,1
DA:51,1
DA:52,1
DA:53,1
DA:54,1
DA:55,1
DA:56,1
DA:57,1
DA:58,1
DA:59,1
DA:60,1
DA:61,1
DA:62,1
DA:65,1
DA:66,1
DA:68,1
DA:69,1
DA:70,1
DA:71,1
DA:72,1
DA:73,1
DA:74,1
DA:76,1
DA:77,1
DA:78,1
DA:79,1
DA:80,1
DA:81,1
DA:83,1
DA:84,1
DA:85,1
DA:86,1
DA:87,1
DA:88,1
DA:89,1
DA:90,1
DA:91,1
DA:92,1
DA:93,8
DA:94,8
DA:95,8
DA:96,8
DA:97,8
DA:98,8
DA:99,8
DA:101,8
DA:102,8
DA:103,8
DA:104,8
DA:105,8
DA:106,4
DA:107,4
DA:108,4
DA:109,4
DA:110,3
DA:111,3
DA:113,3
DA:114,3
DA:115,1
DA:116,1
DA:117,2
DA:118,1
DA:119,2
DA:120,1
DA:121,1
DA:122,1
DA:123,3
DA:124,3
DA:125,4
DA:126,1
DA:127,1
DA:128,1
DA:129,0
DA:130,0
DA:131,4
DA:132,4
DA:133,4
DA:134,4
DA:136,8
DA:137,8
DA:138,8
DA:139,8
DA:140,8
DA:141,8
DA:142,8
DA:143,8
DA:144,8
DA:145,1
LF:136
LH:134
BRDA:92,0,0,8
BRDA:104,1,0,8
BRDA:104,2,0,0
BRDA:105,3,0,4
BRDA:109,4,0,3
BRDA:114,5,0,1
BRDA:114,6,0,1
BRDA:116,7,0,2
BRDA:117,8,0,1
BRDA:119,9,0,1
BRDA:125,10,0,1
BRDA:128,11,0,0
BRDA:50,12,0,13
BRDA:51,13,0,8
BRDA:17,14,0,8
BRDA:17,15,0,8
BRDA:34,16,0,8
BRDA:34,17,0,8
BRDA:44,18,0,1
BRDA:51,19,0,4
BRF:20
BRH:18
end_of_record
TN:
SF:src/ui/pages/RequestResetPasswordPage.vue
FN:1,(empty-report)
FNF:1
FNH:1
FNDA:1,(empty-report)
DA:2,0
DA:3,0
DA:4,0
DA:5,0
DA:6,0
DA:7,0
DA:8,0
DA:9,0
DA:10,0
DA:11,0
DA:12,0
DA:13,0
DA:14,0
DA:15,0
DA:16,0
DA:17,0
DA:18,0
DA:19,0
DA:20,0
DA:21,0
DA:22,0
DA:23,0
DA:24,0
DA:25,0
DA:26,0
DA:27,0
DA:28,0
DA:29,0
DA:30,0
DA:31,0
DA:32,0
DA:33,0
DA:34,0
DA:35,0
DA:36,0
DA:37,0
DA:40,0
DA:41,0
DA:42,0
DA:43,0
DA:44,0
DA:45,0
DA:47,0
DA:48,0
DA:50,0
DA:51,0
DA:52,0
DA:53,0
DA:54,0
DA:55,0
DA:56,0
DA:57,0
DA:58,0
DA:59,0
DA:60,0
DA:61,0
DA:62,0
DA:63,0
DA:64,0
DA:65,0
DA:66,0
DA:67,0
DA:68,0
DA:69,0
DA:70,0
DA:71,0
DA:72,0
LF:67
LH:0
BRDA:1,0,0,1
BRF:1
BRH:1
end_of_record
TN:
SF:src/ui/pages/ResetPasswordPage.vue
FN:1,(empty-report)
FNF:1
FNH:1
FNDA:1,(empty-report)
DA:2,0
DA:3,0
DA:4,0
DA:5,0
DA:6,0
DA:7,0
DA:8,0
DA:9,0
DA:10,0
DA:11,0
DA:12,0
DA:13,0
DA:14,0
DA:15,0
DA:16,0
DA:17,0
DA:18,0
DA:19,0
DA:20,0
DA:21,0
DA:22,0
DA:23,0
DA:25,0
DA:26,0
DA:27,0
DA:28,0
DA:30,0
DA:31,0
DA:32,0
DA:33,0
DA:34,0
DA:35,0
DA:36,0
DA:38,0
DA:39,0
DA:40,0
DA:41,0
DA:42,0
DA:43,0
DA:44,0
DA:45,0
DA:46,0
DA:47,0
DA:48,0
DA:49,0
DA:50,0
DA:51,0
DA:52,0
DA:53,0
DA:54,0
DA:56,0
DA:57,0
DA:58,0
DA:59,0
DA:61,0
DA:62,0
DA:63,0
DA:64,0
DA:65,0
DA:66,0
DA:67,0
DA:69,0
DA:70,0
DA:71,0
DA:72,0
DA:73,0
DA:74,0
DA:75,0
DA:76,0
DA:77,0
DA:78,0
DA:79,0
DA:80,0
DA:81,0
DA:82,0
DA:83,0
DA:84,0
DA:85,0
DA:86,0
DA:87,0
DA:88,0
DA:89,0
DA:90,0
DA:91,0
DA:94,0
DA:95,0
DA:96,0
DA:97,0
DA:98,0
DA:99,0
DA:100,0
DA:101,0
DA:102,0
DA:103,0
DA:104,0
DA:105,0
DA:106,0
DA:108,0
DA:109,0
DA:110,0
DA:111,0
DA:112,0
DA:113,0
DA:115,0
DA:116,0
DA:117,0
DA:118,0
DA:119,0
DA:120,0
DA:121,0
DA:122,0
DA:123,0
DA:124,0
DA:125,0
DA:126,0
DA:127,0
DA:128,0
DA:129,0
DA:130,0
DA:131,0
DA:132,0
DA:133,0
DA:135,0
DA:136,0
DA:137,0
DA:139,0
DA:140,0
DA:141,0
DA:142,0
DA:143,0
DA:144,0
DA:145,0
DA:151,0
DA:152,0
DA:153,0
DA:154,0
DA:155,0
DA:156,0
DA:157,0
DA:163,0
DA:164,0
DA:165,0
DA:166,0
DA:167,0
DA:169,0
DA:170,0
DA:171,0
DA:172,0
DA:173,0
DA:174,0
DA:175,0
DA:176,0
DA:177,0
DA:178,0
DA:180,0
DA:181,0
DA:182,0
DA:184,0
DA:185,0
DA:186,0
DA:187,0
DA:188,0
DA:189,0
DA:190,0
DA:191,0
DA:192,0
DA:193,0
DA:194,0
DA:195,0
DA:196,0
DA:197,0
DA:198,0
DA:199,0
LF:173
LH:0
BRDA:1,0,0,1
BRF:1
BRH:1
end_of_record
TN:
SF:src/ui/pages/SuppliersPage.vue
FN:312,isNonEmptyString
FN:326,setup
FN:402,setCountFromStore
FN:406,fetchNow
FN:426,debouncedFetchNow.maxWait
FN:428,handlePageChange
FN:436,handleFilterChange
FN:444,handleSortChange
FN:453,clearAll
FN:470,openContactDetail
FN:494,openNewContact
FN:519,onClearPhoneFilter
FN:530,onApplyPhoneFilter
FN:543,onGlobalQueryInput
FN:9,onClick._cache.<computed>._cache.<computed>
FN:12,onUpdate:first._cache.<computed>._cache.<computed>
FN:20,rowStyle
FN:23,onUpdate:filters._cache.<computed>._cache.<computed>
FN:33,onRowClick._cache.<computed>._cache.<computed>
FN:43,onUpdate:modelValue._cache.<computed>._cache.<computed>
FN:63,onClick._cache.<computed>._cache.<computed>
FN:91,onUpdate:modelValue
FN:114,onUpdate:modelValue
FN:139,onUpdate:modelValue
FN:173,onUpdate:modelValue._cache.<computed>._cache.<computed>
FN:186,onClick
FN:192,onClick
FN:223,onUpdate:modelValue
FNF:28
FNH:22
FNDA:421,isNonEmptyString
FNDA:14,setup
FNDA:46,setCountFromStore
FNDA:46,fetchNow
FNDA:4,debouncedFetchNow.maxWait
FNDA:0,handlePageChange
FNDA:19,handleFilterChange
FNDA:8,handleSortChange
FNDA:1,clearAll
FNDA:0,openContactDetail
FNDA:0,openNewContact
FNDA:1,onClearPhoneFilter
FNDA:2,onApplyPhoneFilter
FNDA:22,onGlobalQueryInput
FNDA:0,onClick._cache.<computed>._cache.<computed>
FNDA:27,onUpdate:first._cache.<computed>._cache.<computed>
FNDA:28,rowStyle
FNDA:19,onUpdate:filters._cache.<computed>._cache.<computed>
FNDA:0,onRowClick._cache.<computed>._cache.<computed>
FNDA:22,onUpdate:modelValue._cache.<computed>._cache.<computed>
FNDA:0,onClick._cache.<computed>._cache.<computed>
FNDA:8,onUpdate:modelValue
FNDA:22,onUpdate:modelValue
FNDA:32,onUpdate:modelValue
FNDA:6,onUpdate:modelValue._cache.<computed>._cache.<computed>
FNDA:1,onClick
FNDA:2,onClick
FNDA:4,onUpdate:modelValue
DA:2,1
DA:3,1
DA:4,1
DA:5,1
DA:6,1
DA:7,1
DA:8,1
DA:9,1
DA:10,1
DA:11,1
DA:12,1
DA:13,1
DA:14,1
DA:15,1
DA:16,1
DA:17,1
DA:18,1
DA:19,1
DA:20,1
DA:21,1
DA:22,1
DA:23,1
DA:24,1
DA:25,1
DA:26,1
DA:27,1
DA:28,1
DA:29,1
DA:30,1
DA:31,1
DA:32,1
DA:33,1
DA:35,1
DA:36,1
DA:37,57
DA:38,57
DA:39,57
DA:40,57
DA:41,57
DA:42,57
DA:43,57
DA:44,57
DA:45,57
DA:46,57
DA:47,57
DA:48,57
DA:49,57
DA:50,57
DA:51,23
DA:52,23
DA:53,23
DA:54,23
DA:55,23
DA:56,23
DA:57,57
DA:58,57
DA:59,57
DA:60,57
DA:61,57
DA:62,57
DA:63,57
DA:64,57
DA:65,57
DA:66,57
DA:67,57
DA:68,57
DA:69,1
DA:73,1
DA:74,1
DA:75,1
DA:76,1
DA:77,1
DA:78,1
DA:79,1
DA:80,1
DA:81,1
DA:82,1
DA:83,1
DA:85,1
DA:86,1
DA:89,1
DA:90,1
DA:91,1
DA:92,1
DA:93,1
DA:94,1
DA:96,1
DA:99,1
DA:100,1
DA:101,1
DA:102,1
DA:103,1
DA:104,1
DA:105,1
DA:106,1
DA:107,1
DA:109,1
DA:110,1
DA:112,1
DA:113,1
DA:114,1
DA:115,1
DA:116,1
DA:117,1
DA:119,1
DA:122,1
DA:123,1
DA:124,1
DA:125,1
DA:126,1
DA:127,1
DA:128,1
DA:129,1
DA:130,1
DA:131,1
DA:133,1
DA:134,1
DA:137,1
DA:138,1
DA:139,1
DA:140,1
DA:141,1
DA:142,1
DA:144,1
DA:147,1
DA:148,1
DA:149,1
DA:150,1
DA:151,1
DA:152,1
DA:153,1
DA:154,1
DA:155,1
DA:156,1
DA:157,1
DA:159,1
DA:160,1
DA:161,1
DA:162,1
DA:163,1
DA:164,1
DA:165,1
DA:166,1
DA:167,1
DA:170,1
DA:171,1
DA:172,1
DA:173,1
DA:174,1
DA:175,1
DA:176,1
DA:177,1
DA:178,1
DA:179,6
DA:180,1
DA:181,1
DA:182,1
DA:183,1
DA:184,1
DA:185,1
DA:186,1
DA:187,1
DA:188,1
DA:189,1
DA:190,1
DA:191,1
DA:192,1
DA:193,1
DA:194,1
DA:195,1
DA:197,1
DA:200,1
DA:201,1
DA:202,1
DA:203,1
DA:204,1
DA:205,1
DA:206,1
DA:207,1
DA:208,1
DA:209,1
DA:210,1
DA:212,1
DA:213,1
DA:214,1
DA:215,1
DA:216,1
DA:217,1
DA:218,1
DA:221,1
DA:222,1
DA:223,1
DA:224,1
DA:225,1
DA:226,1
DA:227,1
DA:228,1
DA:229,1
DA:230,1
DA:231,1
DA:232,1
DA:233,1
DA:234,1
DA:235,1
DA:241,1
DA:242,1
DA:243,1
DA:244,1
DA:245,1
DA:246,1
DA:247,1
DA:248,1
DA:249,1
DA:250,1
DA:252,1
DA:254,1
DA:257,1
DA:258,1
DA:259,1
DA:260,1
DA:261,1
DA:262,1
DA:263,1
DA:264,1
DA:265,1
DA:266,1
DA:267,1
DA:269,1
DA:270,1
DA:271,28
DA:275,1
DA:277,1
DA:278,1
DA:279,1
DA:283,1
DA:284,1
DA:285,1
DA:286,1
DA:291,1
DA:292,1
DA:293,1
DA:294,1
DA:295,1
DA:296,1
DA:297,1
DA:298,1
DA:299,1
DA:301,1
DA:302,1
DA:303,1
DA:304,1
DA:305,1
DA:306,0
DA:307,1
DA:309,1
DA:312,1
DA:314,1
DA:315,1
DA:316,1
DA:317,1
DA:318,1
DA:319,1
DA:320,1
DA:321,1
DA:322,1
DA:323,1
DA:324,1
DA:325,1
DA:326,1
DA:327,14
DA:328,14
DA:329,14
DA:330,14
DA:331,14
DA:332,14
DA:334,14
DA:335,14
DA:336,14
DA:337,14
DA:338,14
DA:339,14
DA:341,14
DA:342,14
DA:343,14
DA:344,14
DA:345,14
DA:346,14
DA:347,14
DA:349,14
DA:350,14
DA:351,14
DA:352,14
DA:353,14
DA:354,14
DA:355,14
DA:357,14
DA:359,14
DA:360,14
DA:361,14
DA:362,14
DA:364,14
DA:365,23
DA:366,8
DA:367,8
DA:368,8
DA:369,8
DA:370,15
DA:371,14
DA:373,14
DA:374,19
DA:375,14
DA:377,14
DA:378,3
DA:379,6
DA:380,6
DA:381,3
DA:382,14
DA:384,14
DA:385,56
DA:387,56
DA:388,56
DA:389,29
DA:390,28
DA:391,27
DA:392,26
DA:393,25
DA:395,56
DA:396,56
DA:397,53
DA:399,56
DA:400,14
DA:402,14
DA:403,46
DA:404,46
DA:406,14
DA:407,46
DA:408,46
DA:409,46
DA:410,46
DA:411,46
DA:412,46
DA:413,46
DA:414,46
DA:415,46
DA:416,46
DA:417,46
DA:418,46
DA:419,46
DA:420,46
DA:421,46
DA:422,46
DA:423,46
DA:424,46
DA:426,14
DA:428,14
DA:429,0
DA:430,0
DA:431,0
DA:432,0
DA:433,0
DA:434,0
DA:436,14
DA:437,19
DA:438,19
DA:439,19
DA:440,19
DA:441,19
DA:442,19
DA:444,14
DA:445,8
DA:446,8
DA:447,8
DA:448,8
DA:449,8
DA:450,8
DA:451,8
DA:453,14
DA:454,1
DA:455,1
DA:456,1
DA:457,1
DA:458,1
DA:460,1
DA:461,1
DA:462,1
DA:463,1
DA:464,1
DA:465,1
DA:466,1
DA:467,1
DA:468,1
DA:470,14
DA:471,0
DA:472,0
DA:473,0
DA:474,0
DA:475,0
DA:476,0
DA:477,0
DA:478,0
DA:479,0
DA:480,0
DA:481,0
DA:482,0
DA:483,0
DA:484,0
DA:485,0
DA:486,0
DA:488,0
DA:489,0
DA:490,0
DA:491,0
DA:492,0
DA:494,14
DA:495,0
DA:496,0
DA:497,0
DA:498,0
DA:499,0
DA:500,0
DA:501,0
DA:502,0
DA:503,0
DA:504,0
DA:505,0
DA:506,0
DA:507,0
DA:508,0
DA:509,0
DA:510,0
DA:511,0
DA:513,0
DA:514,0
DA:515,0
DA:516,0
DA:517,0
DA:519,14
DA:520,1
DA:521,1
DA:522,1
DA:523,1
DA:524,1
DA:525,1
DA:526,1
DA:527,1
DA:528,1
DA:530,14
DA:531,2
DA:532,2
DA:533,2
DA:534,2
DA:535,2
DA:536,0
DA:537,0
DA:538,2
DA:539,2
DA:540,2
DA:541,2
DA:543,14
DA:544,22
DA:545,22
DA:546,14
DA:547,14
DA:548,22
DA:550,14
DA:551,14
DA:552,14
DA:553,14
DA:555,14
DA:556,14
DA:557,14
DA:558,14
DA:559,14
DA:560,14
DA:561,14
DA:562,14
DA:563,14
DA:564,14
DA:565,14
DA:566,14
DA:567,14
DA:568,14
DA:569,14
DA:570,14
DA:571,14
DA:572,14
DA:573,14
DA:574,14
DA:575,14
DA:576,14
DA:577,14
DA:578,14
DA:579,14
DA:580,14
DA:581,14
DA:582,14
DA:583,14
DA:584,1
LF:498
LH:446
BRDA:312,0,0,421
BRDA:312,1,0,141
BRDA:326,2,0,14
BRDA:359,3,0,14
BRDA:360,4,0,0
BRDA:364,5,0,23
BRDA:365,6,0,8
BRDA:365,7,0,8
BRDA:366,8,0,0
BRDA:367,9,0,4
BRDA:367,10,0,4
BRDA:369,11,0,15
BRDA:373,12,0,19
BRDA:374,13,0,4
BRDA:374,14,0,15
BRDA:374,15,0,4
BRDA:377,16,0,3
BRDA:378,17,0,0
BRDA:378,18,0,6
BRDA:384,19,0,56
BRDA:388,20,0,29
BRDA:389,21,0,28
BRDA:390,22,0,27
BRDA:391,23,0,26
BRDA:392,24,0,25
BRDA:396,25,0,3
BRDA:396,26,0,53
BRDA:397,27,0,0
BRDA:399,28,0,22
BRDA:402,29,0,46
BRDA:406,30,0,46
BRDA:412,31,0,12
BRDA:412,32,0,34
BRDA:413,33,0,10
BRDA:413,34,0,36
BRDA:414,35,0,7
BRDA:414,36,0,39
BRDA:415,37,0,8
BRDA:415,38,0,38
BRDA:416,39,0,5
BRDA:416,40,0,41
BRDA:417,41,0,7
BRDA:417,42,0,39
BRDA:426,43,0,4
BRDA:436,44,0,19
BRDA:444,45,0,8
BRDA:446,46,0,0
BRDA:447,47,0,0
BRDA:453,48,0,1
BRDA:519,49,0,1
BRDA:530,50,0,2
BRDA:535,51,0,0
BRDA:543,52,0,22
BRDA:545,53,0,8
BRDA:545,54,0,14
BRDA:550,55,0,14
BRDA:9,56,0,14
BRDA:12,57,0,14
BRDA:23,58,0,14
BRDA:33,59,0,14
BRDA:12,60,0,27
BRDA:20,61,0,28
BRDA:23,62,0,19
BRDA:36,63,0,57
BRDA:50,64,0,23
BRDA:56,65,0,34
BRDA:63,66,0,14
BRDA:43,67,0,14
BRDA:43,68,0,22
BRDA:86,69,0,28
BRDA:91,70,0,8
BRDA:110,71,0,28
BRDA:114,72,0,22
BRDA:134,73,0,28
BRDA:139,74,0,32
BRDA:164,75,0,0
BRDA:173,76,0,2
BRDA:178,77,0,6
BRDA:179,78,0,3
BRDA:173,79,0,6
BRDA:186,80,0,1
BRDA:192,81,0,2
BRDA:215,82,0,0
BRDA:217,83,0,0
BRDA:223,84,0,4
BRDA:270,85,0,28
BRF:86
BRH:76
end_of_record
